-- The C compiler identification is GNU 9.4.0
-- The CXX compiler identification is GNU 9.4.0
-- Check for working C compiler: /usr/bin/cc
-- Check for working C compiler: /usr/bin/cc -- works
-- Detecting C compiler ABI info
-- Detecting C compiler ABI info - done
-- Detecting C compile features
-- Detecting C compile features - done
-- Check for working CXX compiler: /usr/bin/c++
-- Check for working CXX compiler: /usr/bin/c++ -- works
-- Detecting CXX compiler ABI info
-- Detecting CXX compiler ABI info - done
-- Detecting CXX compile features
-- Detecting CXX compile features - done
-- Found ament_cmake: 0.9.11 (/opt/ros/foxy/share/ament_cmake/cmake)
-- Found PythonInterp: /usr/bin/python3 (found suitable version "3.8.10", minimum required is "3") 
-- Using PYTHON_EXECUTABLE: /usr/bin/python3
-- Found OpenCV: /usr/local (found version "4.7.0") 
-- Found rclcpp: 2.4.2 (/opt/ros/foxy/share/rclcpp/cmake)
-- Using all available rosidl_typesupport_c: rosidl_typesupport_fastrtps_c;rosidl_typesupport_introspection_c
-- Found rosidl_adapter: 1.3.0 (/opt/ros/foxy/share/rosidl_adapter/cmake)
-- Found OpenSSL: /usr/lib/x86_64-linux-gnu/libcrypto.so (found version "1.1.1f")  
-- Found FastRTPS: /opt/ros/foxy/include  
-- Using all available rosidl_typesupport_cpp: rosidl_typesupport_fastrtps_cpp;rosidl_typesupport_introspection_cpp
-- Found rmw_implementation_cmake: 1.0.4 (/opt/ros/foxy/share/rmw_implementation_cmake/cmake)
-- Using RMW implementation 'rmw_fastrtps_cpp' as default
-- Looking for pthread.h
-- Looking for pthread.h - found
-- Performing Test CMAKE_HAVE_LIBC_PTHREAD
-- Performing Test CMAKE_HAVE_LIBC_PTHREAD - Failed
-- Looking for pthread_create in pthreads
-- Looking for pthread_create in pthreads - not found
-- Looking for pthread_create in pthread
-- Looking for pthread_create in pthread - found
-- Found Threads: TRUE  
-- Found image_transport: 2.4.0 (/opt/ros/foxy/share/image_transport/cmake)
-- Found ament_lint_auto: 0.9.8 (/opt/ros/foxy/share/ament_lint_auto/cmake)
-- Added test 'copyright' to check source files copyright and LICENSE
-- Added test 'cppcheck' to perform static code analysis on C / C++ code
-- Configured cppcheck include dirs: 
-- Configured cppcheck exclude dirs and/or files: 
-- Added test 'cpplint' to check C / C++ code against the Google style
-- Configured cpplint exclude dirs and/or files: 
-- Added test 'lint_cmake' to check CMake code style
-- Added test 'uncrustify' to check C / C++ code style
-- Configured uncrustify additional arguments: 
-- Added test 'xmllint' to check XML markup files
-- Configuring done
-- Generating done
-- Build files have been written to: /home/yahyasetz/ros2/build/rock_papers
[35m[1mScanning dependencies of target imagetrack[0m
[ 50%] [32mBuilding CXX object CMakeFiles/imagetrack.dir/src/main.cpp.o[0m
[01m[K/home/yahyasetz/ros2/src/rock_papers/src/main.cpp:[m[K In function ‘[01m[Kint main(int, char**)[m[K’:
[01m[K/home/yahyasetz/ros2/src/rock_papers/src/main.cpp:10:14:[m[K [01;35m[Kwarning: [m[Kunused parameter ‘[01m[Kargc[m[K’ [[01;35m[K-Wunused-parameter[m[K]
   10 | int main([01;35m[Kint argc[m[K, char** argv)
      |          [01;35m[K~~~~^~~~[m[K
[100%] [32m[1mLinking CXX executable imagetrack[0m
[100%] Built target imagetrack
-- Install configuration: ""
-- Installing: /home/yahyasetz/ros2/install/rock_papers/lib/rock_papers/imagetrack
-- Set runtime path of "/home/yahyasetz/ros2/install/rock_papers/lib/rock_papers/imagetrack" to ""
-- Installing: /home/yahyasetz/ros2/install/rock_papers/share/ament_index/resource_index/package_run_dependencies/rock_papers
-- Installing: /home/yahyasetz/ros2/install/rock_papers/share/ament_index/resource_index/parent_prefix_path/rock_papers
-- Installing: /home/yahyasetz/ros2/install/rock_papers/share/rock_papers/environment/ament_prefix_path.sh
-- Installing: /home/yahyasetz/ros2/install/rock_papers/share/rock_papers/environment/ament_prefix_path.dsv
-- Installing: /home/yahyasetz/ros2/install/rock_papers/share/rock_papers/environment/path.sh
-- Installing: /home/yahyasetz/ros2/install/rock_papers/share/rock_papers/environment/path.dsv
-- Installing: /home/yahyasetz/ros2/install/rock_papers/share/rock_papers/local_setup.bash
-- Installing: /home/yahyasetz/ros2/install/rock_papers/share/rock_papers/local_setup.sh
-- Installing: /home/yahyasetz/ros2/install/rock_papers/share/rock_papers/local_setup.zsh
-- Installing: /home/yahyasetz/ros2/install/rock_papers/share/rock_papers/local_setup.dsv
-- Installing: /home/yahyasetz/ros2/install/rock_papers/share/rock_papers/package.dsv
-- Installing: /home/yahyasetz/ros2/install/rock_papers/share/ament_index/resource_index/packages/rock_papers
-- Installing: /home/yahyasetz/ros2/install/rock_papers/share/rock_papers/cmake/rock_papersConfig.cmake
-- Installing: /home/yahyasetz/ros2/install/rock_papers/share/rock_papers/cmake/rock_papersConfig-version.cmake
-- Installing: /home/yahyasetz/ros2/install/rock_papers/share/rock_papers/package.xml
