[0.074s] Invoking command in '/home/yahyasetz/ros2/build/rock_papers': CMAKE_PREFIX_PATH=${CMAKE_PREFIX_PATH}:/opt/ros/foxy /usr/bin/cmake /home/yahyasetz/ros2/src/rock_papers -DCMAKE_INSTALL_PREFIX=/home/yahyasetz/ros2/install/rock_papers
[0.210s] -- The C compiler identification is GNU 9.4.0
[0.332s] -- The CXX compiler identification is GNU 9.4.0
[0.340s] -- Check for working C compiler: /usr/bin/cc
[0.478s] -- Check for working C compiler: /usr/bin/cc -- works
[0.479s] -- Detecting C compiler ABI info
[0.631s] -- Detecting C compiler ABI info - done
[0.667s] -- Detecting C compile features
[0.668s] -- Detecting C compile features - done
[0.676s] -- Check for working CXX compiler: /usr/bin/c++
[0.846s] -- Check for working CXX compiler: /usr/bin/c++ -- works
[0.848s] -- Detecting CXX compiler ABI info
[1.034s] -- Detecting CXX compiler ABI info - done
[1.065s] -- Detecting CXX compile features
[1.066s] -- Detecting CXX compile features - done
[1.071s] -- Found ament_cmake: 0.9.11 (/opt/ros/foxy/share/ament_cmake/cmake)
[1.117s] -- Found PythonInterp: /usr/bin/python3 (found suitable version "3.8.10", minimum required is "3") 
[1.118s] -- Using PYTHON_EXECUTABLE: /usr/bin/python3
[1.565s] -- Found OpenCV: /usr/local (found version "4.7.0") 
[1.568s] -- Found rclcpp: 2.4.2 (/opt/ros/foxy/share/rclcpp/cmake)
[1.650s] -- Using all available rosidl_typesupport_c: rosidl_typesupport_fastrtps_c;rosidl_typesupport_introspection_c
[1.663s] -- Found rosidl_adapter: 1.3.0 (/opt/ros/foxy/share/rosidl_adapter/cmake)
[1.840s] -- Found OpenSSL: /usr/lib/x86_64-linux-gnu/libcrypto.so (found version "1.1.1f")  
[1.887s] -- Found FastRTPS: /opt/ros/foxy/include  
[2.068s] -- Using all available rosidl_typesupport_cpp: rosidl_typesupport_fastrtps_cpp;rosidl_typesupport_introspection_cpp
[2.225s] -- Found rmw_implementation_cmake: 1.0.4 (/opt/ros/foxy/share/rmw_implementation_cmake/cmake)
[2.229s] -- Using RMW implementation 'rmw_fastrtps_cpp' as default
[2.231s] -- Looking for pthread.h
[2.385s] -- Looking for pthread.h - found
[2.385s] -- Performing Test CMAKE_HAVE_LIBC_PTHREAD
[2.529s] -- Performing Test CMAKE_HAVE_LIBC_PTHREAD - Failed
[2.529s] -- Looking for pthread_create in pthreads
[2.630s] -- Looking for pthread_create in pthreads - not found
[2.631s] -- Looking for pthread_create in pthread
[2.791s] -- Looking for pthread_create in pthread - found
[2.793s] -- Found Threads: TRUE  
[3.235s] -- Found image_transport: 2.4.0 (/opt/ros/foxy/share/image_transport/cmake)
[3.708s] -- Found ament_lint_auto: 0.9.8 (/opt/ros/foxy/share/ament_lint_auto/cmake)
[3.861s] -- Added test 'copyright' to check source files copyright and LICENSE
[3.862s] -- Added test 'cppcheck' to perform static code analysis on C / C++ code
[3.863s] -- Configured cppcheck include dirs: 
[3.863s] -- Configured cppcheck exclude dirs and/or files: 
[3.865s] -- Added test 'cpplint' to check C / C++ code against the Google style
[3.865s] -- Configured cpplint exclude dirs and/or files: 
[3.867s] -- Added test 'lint_cmake' to check CMake code style
[3.868s] -- Added test 'uncrustify' to check C / C++ code style
[3.869s] -- Configured uncrustify additional arguments: 
[3.870s] -- Added test 'xmllint' to check XML markup files
[3.876s] -- Configuring done
[3.945s] -- Generating done
[3.950s] -- Build files have been written to: /home/yahyasetz/ros2/build/rock_papers
[3.969s] Invoked command in '/home/yahyasetz/ros2/build/rock_papers' returned '0': CMAKE_PREFIX_PATH=${CMAKE_PREFIX_PATH}:/opt/ros/foxy /usr/bin/cmake /home/yahyasetz/ros2/src/rock_papers -DCMAKE_INSTALL_PREFIX=/home/yahyasetz/ros2/install/rock_papers
[3.975s] Invoking command in '/home/yahyasetz/ros2/build/rock_papers': CMAKE_PREFIX_PATH=${CMAKE_PREFIX_PATH}:/opt/ros/foxy /usr/bin/cmake --build /home/yahyasetz/ros2/build/rock_papers -- -j8 -l8
[4.074s] [35m[1mScanning dependencies of target imagetrack[0m
[4.186s] [ 50%] [32mBuilding CXX object CMakeFiles/imagetrack.dir/src/main.cpp.o[0m
[8.741s] [01m[K/home/yahyasetz/ros2/src/rock_papers/src/main.cpp:[m[K In function ‘[01m[Kint main(int, char**)[m[K’:
[8.741s] [01m[K/home/yahyasetz/ros2/src/rock_papers/src/main.cpp:10:14:[m[K [01;35m[Kwarning: [m[Kunused parameter ‘[01m[Kargc[m[K’ [[01;35m[K-Wunused-parameter[m[K]
[8.741s]    10 | int main([01;35m[Kint argc[m[K, char** argv)
[8.742s]       |          [01;35m[K~~~~^~~~[m[K
[9.866s] [100%] [32m[1mLinking CXX executable imagetrack[0m
[10.079s] [100%] Built target imagetrack
[10.096s] Invoked command in '/home/yahyasetz/ros2/build/rock_papers' returned '0': CMAKE_PREFIX_PATH=${CMAKE_PREFIX_PATH}:/opt/ros/foxy /usr/bin/cmake --build /home/yahyasetz/ros2/build/rock_papers -- -j8 -l8
[10.135s] Invoking command in '/home/yahyasetz/ros2/build/rock_papers': CMAKE_PREFIX_PATH=${CMAKE_PREFIX_PATH}:/opt/ros/foxy /usr/bin/cmake --install /home/yahyasetz/ros2/build/rock_papers
[10.148s] -- Install configuration: ""
[10.149s] -- Installing: /home/yahyasetz/ros2/install/rock_papers/lib/rock_papers/imagetrack
[10.149s] -- Set runtime path of "/home/yahyasetz/ros2/install/rock_papers/lib/rock_papers/imagetrack" to ""
[10.149s] -- Installing: /home/yahyasetz/ros2/install/rock_papers/share/ament_index/resource_index/package_run_dependencies/rock_papers
[10.150s] -- Installing: /home/yahyasetz/ros2/install/rock_papers/share/ament_index/resource_index/parent_prefix_path/rock_papers
[10.150s] -- Installing: /home/yahyasetz/ros2/install/rock_papers/share/rock_papers/environment/ament_prefix_path.sh
[10.150s] -- Installing: /home/yahyasetz/ros2/install/rock_papers/share/rock_papers/environment/ament_prefix_path.dsv
[10.150s] -- Installing: /home/yahyasetz/ros2/install/rock_papers/share/rock_papers/environment/path.sh
[10.151s] -- Installing: /home/yahyasetz/ros2/install/rock_papers/share/rock_papers/environment/path.dsv
[10.151s] -- Installing: /home/yahyasetz/ros2/install/rock_papers/share/rock_papers/local_setup.bash
[10.151s] -- Installing: /home/yahyasetz/ros2/install/rock_papers/share/rock_papers/local_setup.sh
[10.151s] -- Installing: /home/yahyasetz/ros2/install/rock_papers/share/rock_papers/local_setup.zsh
[10.152s] -- Installing: /home/yahyasetz/ros2/install/rock_papers/share/rock_papers/local_setup.dsv
[10.152s] -- Installing: /home/yahyasetz/ros2/install/rock_papers/share/rock_papers/package.dsv
[10.152s] -- Installing: /home/yahyasetz/ros2/install/rock_papers/share/ament_index/resource_index/packages/rock_papers
[10.152s] -- Installing: /home/yahyasetz/ros2/install/rock_papers/share/rock_papers/cmake/rock_papersConfig.cmake
[10.153s] -- Installing: /home/yahyasetz/ros2/install/rock_papers/share/rock_papers/cmake/rock_papersConfig-version.cmake
[10.153s] -- Installing: /home/yahyasetz/ros2/install/rock_papers/share/rock_papers/package.xml
[10.164s] Invoked command in '/home/yahyasetz/ros2/build/rock_papers' returned '0': CMAKE_PREFIX_PATH=${CMAKE_PREFIX_PATH}:/opt/ros/foxy /usr/bin/cmake --install /home/yahyasetz/ros2/build/rock_papers
