[0.031s] Invoking command in '/home/yahyasetz/ros2/trackingcam2/build/trackinghead': CMAKE_PREFIX_PATH=/opt/ros/foxy /usr/bin/cmake /home/yahyasetz/ros2/trackingcam2/src/trackinghead -DCMAKE_INSTALL_PREFIX=/home/yahyasetz/ros2/trackingcam2/install/trackinghead
[0.275s] -- The C compiler identification is GNU 9.4.0
[0.563s] -- The CXX compiler identification is GNU 9.4.0
[0.574s] -- Check for working C compiler: /usr/bin/cc
[0.700s] -- Check for working C compiler: /usr/bin/cc -- works
[0.702s] -- Detecting C compiler ABI info
[0.823s] -- Detecting C compiler ABI info - done
[0.843s] -- Detecting C compile features
[0.843s] -- Detecting C compile features - done
[0.850s] -- Check for working CXX compiler: /usr/bin/c++
[0.991s] -- Check for working CXX compiler: /usr/bin/c++ -- works
[0.994s] -- Detecting CXX compiler ABI info
[1.139s] -- Detecting CXX compiler ABI info - done
[1.161s] -- Detecting CXX compile features
[1.162s] -- Detecting CXX compile features - done
[1.168s] -- Found ament_cmake: 0.9.11 (/opt/ros/foxy/share/ament_cmake/cmake)
[1.205s] -- Found PythonInterp: /usr/bin/python3 (found suitable version "3.8.10", minimum required is "3") 
[1.205s] -- Using PYTHON_EXECUTABLE: /usr/bin/python3
[1.525s] -- Found rclcpp: 2.4.2 (/opt/ros/foxy/share/rclcpp/cmake)
[1.626s] -- Using all available rosidl_typesupport_c: rosidl_typesupport_fastrtps_c;rosidl_typesupport_introspection_c
[1.640s] -- Found rosidl_adapter: 1.3.0 (/opt/ros/foxy/share/rosidl_adapter/cmake)
[1.780s] -- Found OpenSSL: /usr/lib/x86_64-linux-gnu/libcrypto.so (found version "1.1.1f")  
[1.822s] -- Found FastRTPS: /opt/ros/foxy/include  
[1.971s] -- Using all available rosidl_typesupport_cpp: rosidl_typesupport_fastrtps_cpp;rosidl_typesupport_introspection_cpp
[2.092s] -- Found rmw_implementation_cmake: 1.0.3 (/opt/ros/foxy/share/rmw_implementation_cmake/cmake)
[2.097s] -- Using RMW implementation 'rmw_fastrtps_cpp' as default
[2.101s] -- Looking for pthread.h
[2.237s] -- Looking for pthread.h - found
[2.238s] -- Performing Test CMAKE_HAVE_LIBC_PTHREAD
[2.370s] -- Performing Test CMAKE_HAVE_LIBC_PTHREAD - Failed
[2.370s] -- Looking for pthread_create in pthreads
[2.476s] -- Looking for pthread_create in pthreads - not found
[2.476s] -- Looking for pthread_create in pthread
[2.606s] -- Looking for pthread_create in pthread - found
[2.608s] -- Found Threads: TRUE  
[2.912s] -- Found sensor_msgs: 2.0.5 (/opt/ros/foxy/share/sensor_msgs/cmake)
[3.156s] -- Found OpenCV: /usr/local (found version "4.7.0") 
[3.159s] -- Found image_transport: 2.4.0 (/opt/ros/foxy/share/image_transport/cmake)
[3.254s] -- Found cv_bridge: 3.0.7 (/opt/ros/foxy/share/cv_bridge/cmake)
[3.312s] -- Found ament_lint_auto: 0.9.7 (/opt/ros/foxy/share/ament_lint_auto/cmake)
[3.460s] -- Added test 'copyright' to check source files copyright and LICENSE
[3.464s] -- Added test 'cppcheck' to perform static code analysis on C / C++ code
[3.465s] -- Configured cppcheck include dirs: 
[3.465s] -- Configured cppcheck exclude dirs and/or files: 
[3.467s] -- Added test 'cpplint' to check C / C++ code against the Google style
[3.468s] -- Configured cpplint exclude dirs and/or files: 
[3.469s] -- Added test 'lint_cmake' to check CMake code style
[3.472s] -- Added test 'uncrustify' to check C / C++ code style
[3.472s] -- Configured uncrustify additional arguments: 
[3.473s] -- Added test 'xmllint' to check XML markup files
[3.480s] -- Configuring done
[3.515s] -- Generating done
[3.518s] -- Build files have been written to: /home/yahyasetz/ros2/trackingcam2/build/trackinghead
[3.533s] Invoked command in '/home/yahyasetz/ros2/trackingcam2/build/trackinghead' returned '0': CMAKE_PREFIX_PATH=/opt/ros/foxy /usr/bin/cmake /home/yahyasetz/ros2/trackingcam2/src/trackinghead -DCMAKE_INSTALL_PREFIX=/home/yahyasetz/ros2/trackingcam2/install/trackinghead
[3.539s] Invoking command in '/home/yahyasetz/ros2/trackingcam2/build/trackinghead': CMAKE_PREFIX_PATH=/opt/ros/foxy /usr/bin/cmake --build /home/yahyasetz/ros2/trackingcam2/build/trackinghead -- -j8 -l8
[3.610s] [35m[1mScanning dependencies of target head[0m
[3.800s] [ 50%] [32mBuilding CXX object CMakeFiles/head.dir/src/main.cpp.o[0m
[11.737s] [100%] [32m[1mLinking CXX executable head[0m
[12.894s] /usr/bin/ld: warning: libopencv_imgproc.so.4.2, needed by /opt/ros/foxy/lib/libcv_bridge.so, may conflict with libopencv_imgproc.so.407
[12.894s] /usr/bin/ld: warning: libopencv_core.so.4.2, needed by /opt/ros/foxy/lib/libcv_bridge.so, may conflict with libopencv_core.so.407
[12.912s] [100%] Built target head
[12.931s] Invoked command in '/home/yahyasetz/ros2/trackingcam2/build/trackinghead' returned '0': CMAKE_PREFIX_PATH=/opt/ros/foxy /usr/bin/cmake --build /home/yahyasetz/ros2/trackingcam2/build/trackinghead -- -j8 -l8
[12.999s] Invoking command in '/home/yahyasetz/ros2/trackingcam2/build/trackinghead': CMAKE_PREFIX_PATH=/opt/ros/foxy /usr/bin/cmake --install /home/yahyasetz/ros2/trackingcam2/build/trackinghead
[13.014s] -- Install configuration: ""
[13.015s] -- Installing: /home/yahyasetz/ros2/trackingcam2/install/trackinghead/lib/trackinghead/head
[13.016s] -- Set runtime path of "/home/yahyasetz/ros2/trackingcam2/install/trackinghead/lib/trackinghead/head" to ""
[13.017s] -- Installing: /home/yahyasetz/ros2/trackingcam2/install/trackinghead/share/ament_index/resource_index/package_run_dependencies/trackinghead
[13.017s] -- Installing: /home/yahyasetz/ros2/trackingcam2/install/trackinghead/share/ament_index/resource_index/parent_prefix_path/trackinghead
[13.017s] -- Installing: /home/yahyasetz/ros2/trackingcam2/install/trackinghead/share/trackinghead/environment/ament_prefix_path.sh
[13.017s] -- Installing: /home/yahyasetz/ros2/trackingcam2/install/trackinghead/share/trackinghead/environment/ament_prefix_path.dsv
[13.017s] -- Installing: /home/yahyasetz/ros2/trackingcam2/install/trackinghead/share/trackinghead/environment/path.sh
[13.018s] -- Installing: /home/yahyasetz/ros2/trackingcam2/install/trackinghead/share/trackinghead/environment/path.dsv
[13.018s] -- Installing: /home/yahyasetz/ros2/trackingcam2/install/trackinghead/share/trackinghead/local_setup.bash
[13.018s] -- Installing: /home/yahyasetz/ros2/trackingcam2/install/trackinghead/share/trackinghead/local_setup.sh
[13.018s] -- Installing: /home/yahyasetz/ros2/trackingcam2/install/trackinghead/share/trackinghead/local_setup.zsh
[13.019s] -- Installing: /home/yahyasetz/ros2/trackingcam2/install/trackinghead/share/trackinghead/local_setup.dsv
[13.019s] -- Installing: /home/yahyasetz/ros2/trackingcam2/install/trackinghead/share/trackinghead/package.dsv
[13.019s] -- Installing: /home/yahyasetz/ros2/trackingcam2/install/trackinghead/share/ament_index/resource_index/packages/trackinghead
[13.019s] -- Installing: /home/yahyasetz/ros2/trackingcam2/install/trackinghead/share/trackinghead/cmake/trackingheadConfig.cmake
[13.020s] -- Installing: /home/yahyasetz/ros2/trackingcam2/install/trackinghead/share/trackinghead/cmake/trackingheadConfig-version.cmake
[13.020s] -- Installing: /home/yahyasetz/ros2/trackingcam2/install/trackinghead/share/trackinghead/package.xml
[13.025s] Invoked command in '/home/yahyasetz/ros2/trackingcam2/build/trackinghead' returned '0': CMAKE_PREFIX_PATH=/opt/ros/foxy /usr/bin/cmake --install /home/yahyasetz/ros2/trackingcam2/build/trackinghead
