[0.619s] DEBUG:colcon:Command line arguments: ['/usr/bin/colcon', 'build']
[0.619s] DEBUG:colcon:Parsed command line arguments: Namespace(allow_overriding=[], ament_cmake_args=None, base_paths=['.'], build_base='build', catkin_cmake_args=None, catkin_skip_building_tests=False, cmake_args=None, cmake_clean_cache=False, cmake_clean_first=False, cmake_force_configure=False, cmake_target=None, cmake_target_skip_unavailable=False, continue_on_error=False, event_handlers=None, executor='parallel', ignore_user_meta=False, install_base='install', log_base=None, log_level=None, main=<bound method BuildVerb.main of <colcon_core.verb.build.BuildVerb object at 0x7f0836fc33a0>>, merge_install=False, metas=['./colcon.meta'], packages_above=None, packages_above_and_dependencies=None, packages_above_depth=None, packages_end=None, packages_ignore=None, packages_ignore_regex=None, packages_select=None, packages_select_build_failed=False, packages_select_by_dep=None, packages_select_regex=None, packages_select_test_failures=False, packages_skip=None, packages_skip_build_finished=False, packages_skip_by_dep=None, packages_skip_regex=None, packages_skip_test_passed=False, packages_skip_up_to=None, packages_start=None, packages_up_to=None, packages_up_to_regex=None, parallel_workers=8, paths=None, symlink_install=False, test_result_base=None, verb_extension=<colcon_core.verb.build.BuildVerb object at 0x7f0836fc33a0>, verb_name='build', verb_parser=<colcon_defaults.argument_parser.defaults.DefaultArgumentsDecorator object at 0x7f0836fc38e0>)
[0.688s] Level 1:colcon.colcon_core.package_discovery:discover_packages(colcon_meta) check parameters
[0.688s] Level 1:colcon.colcon_core.package_discovery:discover_packages(recursive) check parameters
[0.688s] Level 1:colcon.colcon_core.package_discovery:discover_packages(ignore) check parameters
[0.688s] Level 1:colcon.colcon_core.package_discovery:discover_packages(path) check parameters
[0.688s] Level 1:colcon.colcon_core.package_discovery:discover_packages(colcon_meta) discover
[0.688s] Level 1:colcon.colcon_core.package_discovery:discover_packages(recursive) discover
[0.688s] INFO:colcon.colcon_core.package_discovery:Crawling recursively for packages in '/home/yahyasetz/ros2/trackingcam2'
[0.688s] Level 1:colcon.colcon_core.package_identification:_identify(.) by extensions ['ignore', 'ignore_ament_install']
[0.689s] Level 1:colcon.colcon_core.package_identification:_identify(.) by extension 'ignore'
[0.689s] Level 1:colcon.colcon_core.package_identification:_identify(.) by extension 'ignore_ament_install'
[0.689s] Level 1:colcon.colcon_core.package_identification:_identify(.) by extensions ['colcon_pkg']
[0.689s] Level 1:colcon.colcon_core.package_identification:_identify(.) by extension 'colcon_pkg'
[0.689s] Level 1:colcon.colcon_core.package_identification:_identify(.) by extensions ['colcon_meta']
[0.689s] Level 1:colcon.colcon_core.package_identification:_identify(.) by extension 'colcon_meta'
[0.689s] Level 1:colcon.colcon_core.package_identification:_identify(.) by extensions ['ros']
[0.689s] Level 1:colcon.colcon_core.package_identification:_identify(.) by extension 'ros'
[0.728s] Level 1:colcon.colcon_core.package_identification:_identify(.) by extensions ['cmake', 'python']
[0.728s] Level 1:colcon.colcon_core.package_identification:_identify(.) by extension 'cmake'
[0.728s] Level 1:colcon.colcon_core.package_identification:_identify(.) by extension 'python'
[0.728s] Level 1:colcon.colcon_core.package_identification:_identify(.) by extensions ['python_setup_py']
[0.728s] Level 1:colcon.colcon_core.package_identification:_identify(.) by extension 'python_setup_py'
[0.728s] Level 1:colcon.colcon_core.package_identification:_identify(build) by extensions ['ignore', 'ignore_ament_install']
[0.728s] Level 1:colcon.colcon_core.package_identification:_identify(build) by extension 'ignore'
[0.728s] Level 1:colcon.colcon_core.package_identification:_identify(build) ignored
[0.729s] Level 1:colcon.colcon_core.package_identification:_identify(install) by extensions ['ignore', 'ignore_ament_install']
[0.729s] Level 1:colcon.colcon_core.package_identification:_identify(install) by extension 'ignore'
[0.729s] Level 1:colcon.colcon_core.package_identification:_identify(install) ignored
[0.729s] Level 1:colcon.colcon_core.package_identification:_identify(log) by extensions ['ignore', 'ignore_ament_install']
[0.729s] Level 1:colcon.colcon_core.package_identification:_identify(log) by extension 'ignore'
[0.729s] Level 1:colcon.colcon_core.package_identification:_identify(log) ignored
[0.730s] Level 1:colcon.colcon_core.package_identification:_identify(src) by extensions ['ignore', 'ignore_ament_install']
[0.730s] Level 1:colcon.colcon_core.package_identification:_identify(src) by extension 'ignore'
[0.730s] Level 1:colcon.colcon_core.package_identification:_identify(src) by extension 'ignore_ament_install'
[0.730s] Level 1:colcon.colcon_core.package_identification:_identify(src) by extensions ['colcon_pkg']
[0.730s] Level 1:colcon.colcon_core.package_identification:_identify(src) by extension 'colcon_pkg'
[0.730s] Level 1:colcon.colcon_core.package_identification:_identify(src) by extensions ['colcon_meta']
[0.730s] Level 1:colcon.colcon_core.package_identification:_identify(src) by extension 'colcon_meta'
[0.730s] Level 1:colcon.colcon_core.package_identification:_identify(src) by extensions ['ros']
[0.730s] Level 1:colcon.colcon_core.package_identification:_identify(src) by extension 'ros'
[0.730s] Level 1:colcon.colcon_core.package_identification:_identify(src) by extensions ['cmake', 'python']
[0.730s] Level 1:colcon.colcon_core.package_identification:_identify(src) by extension 'cmake'
[0.731s] Level 1:colcon.colcon_core.package_identification:_identify(src) by extension 'python'
[0.731s] Level 1:colcon.colcon_core.package_identification:_identify(src) by extensions ['python_setup_py']
[0.731s] Level 1:colcon.colcon_core.package_identification:_identify(src) by extension 'python_setup_py'
[0.731s] Level 1:colcon.colcon_core.package_identification:_identify(src/build) by extensions ['ignore', 'ignore_ament_install']
[0.731s] Level 1:colcon.colcon_core.package_identification:_identify(src/build) by extension 'ignore'
[0.731s] Level 1:colcon.colcon_core.package_identification:_identify(src/build) ignored
[0.732s] Level 1:colcon.colcon_core.package_identification:_identify(src/install) by extensions ['ignore', 'ignore_ament_install']
[0.732s] Level 1:colcon.colcon_core.package_identification:_identify(src/install) by extension 'ignore'
[0.732s] Level 1:colcon.colcon_core.package_identification:_identify(src/install) ignored
[0.732s] Level 1:colcon.colcon_core.package_identification:_identify(src/log) by extensions ['ignore', 'ignore_ament_install']
[0.732s] Level 1:colcon.colcon_core.package_identification:_identify(src/log) by extension 'ignore'
[0.732s] Level 1:colcon.colcon_core.package_identification:_identify(src/log) ignored
[0.733s] Level 1:colcon.colcon_core.package_identification:_identify(src/trackinghead) by extensions ['ignore', 'ignore_ament_install']
[0.733s] Level 1:colcon.colcon_core.package_identification:_identify(src/trackinghead) by extension 'ignore'
[0.733s] Level 1:colcon.colcon_core.package_identification:_identify(src/trackinghead) by extension 'ignore_ament_install'
[0.733s] Level 1:colcon.colcon_core.package_identification:_identify(src/trackinghead) by extensions ['colcon_pkg']
[0.733s] Level 1:colcon.colcon_core.package_identification:_identify(src/trackinghead) by extension 'colcon_pkg'
[0.734s] Level 1:colcon.colcon_core.package_identification:_identify(src/trackinghead) by extensions ['colcon_meta']
[0.734s] Level 1:colcon.colcon_core.package_identification:_identify(src/trackinghead) by extension 'colcon_meta'
[0.734s] Level 1:colcon.colcon_core.package_identification:_identify(src/trackinghead) by extensions ['ros']
[0.734s] Level 1:colcon.colcon_core.package_identification:_identify(src/trackinghead) by extension 'ros'
[0.739s] DEBUG:colcon.colcon_core.package_identification:Package 'src/trackinghead' with type 'ros.ament_cmake' and name 'trackinghead'
[0.740s] Level 1:colcon.colcon_core.package_discovery:discover_packages(recursive) using defaults
[0.740s] Level 1:colcon.colcon_core.package_discovery:discover_packages(ignore) discover
[0.740s] Level 1:colcon.colcon_core.package_discovery:discover_packages(ignore) using defaults
[0.740s] Level 1:colcon.colcon_core.package_discovery:discover_packages(path) discover
[0.740s] Level 1:colcon.colcon_core.package_discovery:discover_packages(path) using defaults
[0.780s] Level 1:colcon.colcon_core.package_discovery:discover_packages(prefix_path) check parameters
[0.780s] Level 1:colcon.colcon_core.package_discovery:discover_packages(prefix_path) discover
[0.789s] DEBUG:colcon.colcon_installed_package_information.package_discovery:Found 170 installed packages in /opt/ros/foxy
[0.790s] Level 1:colcon.colcon_core.package_discovery:discover_packages(prefix_path) using defaults
[0.873s] Level 5:colcon.colcon_core.verb:set package 'trackinghead' build argument 'cmake_args' from command line to 'None'
[0.873s] Level 5:colcon.colcon_core.verb:set package 'trackinghead' build argument 'cmake_target' from command line to 'None'
[0.873s] Level 5:colcon.colcon_core.verb:set package 'trackinghead' build argument 'cmake_target_skip_unavailable' from command line to 'False'
[0.873s] Level 5:colcon.colcon_core.verb:set package 'trackinghead' build argument 'cmake_clean_cache' from command line to 'False'
[0.874s] Level 5:colcon.colcon_core.verb:set package 'trackinghead' build argument 'cmake_clean_first' from command line to 'False'
[0.874s] Level 5:colcon.colcon_core.verb:set package 'trackinghead' build argument 'cmake_force_configure' from command line to 'False'
[0.874s] Level 5:colcon.colcon_core.verb:set package 'trackinghead' build argument 'ament_cmake_args' from command line to 'None'
[0.874s] Level 5:colcon.colcon_core.verb:set package 'trackinghead' build argument 'catkin_cmake_args' from command line to 'None'
[0.874s] Level 5:colcon.colcon_core.verb:set package 'trackinghead' build argument 'catkin_skip_building_tests' from command line to 'False'
[0.874s] DEBUG:colcon.colcon_core.verb:Building package 'trackinghead' with the following arguments: {'ament_cmake_args': None, 'build_base': '/home/yahyasetz/ros2/trackingcam2/build/trackinghead', 'catkin_cmake_args': None, 'catkin_skip_building_tests': False, 'cmake_args': None, 'cmake_clean_cache': False, 'cmake_clean_first': False, 'cmake_force_configure': False, 'cmake_target': None, 'cmake_target_skip_unavailable': False, 'install_base': '/home/yahyasetz/ros2/trackingcam2/install/trackinghead', 'merge_install': False, 'path': '/home/yahyasetz/ros2/trackingcam2/src/trackinghead', 'symlink_install': False, 'test_result_base': None}
[0.875s] INFO:colcon.colcon_core.executor:Executing jobs using 'parallel' executor
[0.883s] DEBUG:colcon.colcon_parallel_executor.executor.parallel:run_until_complete
[0.884s] INFO:colcon.colcon_ros.task.ament_cmake.build:Building ROS package in '/home/yahyasetz/ros2/trackingcam2/src/trackinghead' with build type 'ament_cmake'
[0.886s] INFO:colcon.colcon_cmake.task.cmake.build:Building CMake package in '/home/yahyasetz/ros2/trackingcam2/src/trackinghead'
[0.896s] INFO:colcon.colcon_core.plugin_system:Skipping extension 'colcon_core.shell.bat': Not used on non-Windows systems
[0.897s] INFO:colcon.colcon_core.shell:Skip shell extension 'powershell' for command environment: Not usable outside of PowerShell
[0.897s] DEBUG:colcon.colcon_core.shell:Skip shell extension 'dsv' for command environment
[0.917s] DEBUG:colcon.colcon_core.event_handler.log_command:Invoking command in '/home/yahyasetz/ros2/trackingcam2/build/trackinghead': CMAKE_PREFIX_PATH=/opt/ros/foxy /usr/bin/cmake /home/yahyasetz/ros2/trackingcam2/src/trackinghead -DCMAKE_INSTALL_PREFIX=/home/yahyasetz/ros2/trackingcam2/install/trackinghead
[4.420s] DEBUG:colcon.colcon_core.event_handler.log_command:Invoked command in '/home/yahyasetz/ros2/trackingcam2/build/trackinghead' returned '0': CMAKE_PREFIX_PATH=/opt/ros/foxy /usr/bin/cmake /home/yahyasetz/ros2/trackingcam2/src/trackinghead -DCMAKE_INSTALL_PREFIX=/home/yahyasetz/ros2/trackingcam2/install/trackinghead
[4.425s] DEBUG:colcon.colcon_core.event_handler.log_command:Invoking command in '/home/yahyasetz/ros2/trackingcam2/build/trackinghead': CMAKE_PREFIX_PATH=/opt/ros/foxy /usr/bin/cmake --build /home/yahyasetz/ros2/trackingcam2/build/trackinghead -- -j8 -l8
[13.818s] DEBUG:colcon.colcon_core.event_handler.log_command:Invoked command in '/home/yahyasetz/ros2/trackingcam2/build/trackinghead' returned '0': CMAKE_PREFIX_PATH=/opt/ros/foxy /usr/bin/cmake --build /home/yahyasetz/ros2/trackingcam2/build/trackinghead -- -j8 -l8
[13.886s] DEBUG:colcon.colcon_core.event_handler.log_command:Invoking command in '/home/yahyasetz/ros2/trackingcam2/build/trackinghead': CMAKE_PREFIX_PATH=/opt/ros/foxy /usr/bin/cmake --install /home/yahyasetz/ros2/trackingcam2/build/trackinghead
[13.909s] Level 1:colcon.colcon_core.environment:create_environment_scripts_only(trackinghead)
[13.912s] DEBUG:colcon.colcon_core.event_handler.log_command:Invoked command in '/home/yahyasetz/ros2/trackingcam2/build/trackinghead' returned '0': CMAKE_PREFIX_PATH=/opt/ros/foxy /usr/bin/cmake --install /home/yahyasetz/ros2/trackingcam2/build/trackinghead
[13.928s] Level 1:colcon.colcon_core.environment:checking '/home/yahyasetz/ros2/trackingcam2/install/trackinghead' for CMake module files
[13.929s] Level 1:colcon.colcon_core.environment:checking '/home/yahyasetz/ros2/trackingcam2/install/trackinghead' for CMake config files
[13.929s] Level 1:colcon.colcon_core.shell:create_environment_hook('trackinghead', 'cmake_prefix_path')
[13.932s] INFO:colcon.colcon_core.shell:Creating environment hook '/home/yahyasetz/ros2/trackingcam2/install/trackinghead/share/trackinghead/hook/cmake_prefix_path.ps1'
[13.933s] INFO:colcon.colcon_core.shell:Creating environment descriptor '/home/yahyasetz/ros2/trackingcam2/install/trackinghead/share/trackinghead/hook/cmake_prefix_path.dsv'
[13.934s] INFO:colcon.colcon_core.shell:Creating environment hook '/home/yahyasetz/ros2/trackingcam2/install/trackinghead/share/trackinghead/hook/cmake_prefix_path.sh'
[13.935s] Level 1:colcon.colcon_core.environment:checking '/home/yahyasetz/ros2/trackingcam2/install/trackinghead/lib'
[13.936s] Level 1:colcon.colcon_core.environment:checking '/home/yahyasetz/ros2/trackingcam2/install/trackinghead/bin'
[13.936s] Level 1:colcon.colcon_core.environment:checking '/home/yahyasetz/ros2/trackingcam2/install/trackinghead/lib/pkgconfig/trackinghead.pc'
[13.936s] Level 1:colcon.colcon_core.environment:checking '/home/yahyasetz/ros2/trackingcam2/install/trackinghead/lib/python3.8/site-packages'
[13.936s] Level 1:colcon.colcon_core.environment:checking '/home/yahyasetz/ros2/trackingcam2/install/trackinghead/bin'
[13.939s] INFO:colcon.colcon_core.shell:Creating package script '/home/yahyasetz/ros2/trackingcam2/install/trackinghead/share/trackinghead/package.ps1'
[13.941s] INFO:colcon.colcon_core.shell:Creating package descriptor '/home/yahyasetz/ros2/trackingcam2/install/trackinghead/share/trackinghead/package.dsv'
[13.943s] INFO:colcon.colcon_core.shell:Creating package script '/home/yahyasetz/ros2/trackingcam2/install/trackinghead/share/trackinghead/package.sh'
[13.944s] INFO:colcon.colcon_core.shell:Creating package script '/home/yahyasetz/ros2/trackingcam2/install/trackinghead/share/trackinghead/package.bash'
[13.946s] INFO:colcon.colcon_core.shell:Creating package script '/home/yahyasetz/ros2/trackingcam2/install/trackinghead/share/trackinghead/package.zsh'
[13.947s] Level 1:colcon.colcon_core.environment:create_file_with_runtime_dependencies(/home/yahyasetz/ros2/trackingcam2/install/trackinghead/share/colcon-core/packages/trackinghead)
[13.992s] Level 1:colcon.colcon_core.environment:create_environment_scripts_only(trackinghead)
[13.996s] Level 1:colcon.colcon_core.environment:checking '/home/yahyasetz/ros2/trackingcam2/install/trackinghead' for CMake module files
[13.996s] Level 1:colcon.colcon_core.environment:checking '/home/yahyasetz/ros2/trackingcam2/install/trackinghead' for CMake config files
[13.997s] Level 1:colcon.colcon_core.shell:create_environment_hook('trackinghead', 'cmake_prefix_path')
[13.999s] INFO:colcon.colcon_core.shell:Creating environment hook '/home/yahyasetz/ros2/trackingcam2/install/trackinghead/share/trackinghead/hook/cmake_prefix_path.ps1'
[14.000s] INFO:colcon.colcon_core.shell:Creating environment descriptor '/home/yahyasetz/ros2/trackingcam2/install/trackinghead/share/trackinghead/hook/cmake_prefix_path.dsv'
[14.001s] INFO:colcon.colcon_core.shell:Creating environment hook '/home/yahyasetz/ros2/trackingcam2/install/trackinghead/share/trackinghead/hook/cmake_prefix_path.sh'
[14.001s] Level 1:colcon.colcon_core.environment:checking '/home/yahyasetz/ros2/trackingcam2/install/trackinghead/lib'
[14.002s] Level 1:colcon.colcon_core.environment:checking '/home/yahyasetz/ros2/trackingcam2/install/trackinghead/bin'
[14.002s] Level 1:colcon.colcon_core.environment:checking '/home/yahyasetz/ros2/trackingcam2/install/trackinghead/lib/pkgconfig/trackinghead.pc'
[14.002s] Level 1:colcon.colcon_core.environment:checking '/home/yahyasetz/ros2/trackingcam2/install/trackinghead/lib/python3.8/site-packages'
[14.002s] Level 1:colcon.colcon_core.environment:checking '/home/yahyasetz/ros2/trackingcam2/install/trackinghead/bin'
[14.004s] INFO:colcon.colcon_core.shell:Creating package script '/home/yahyasetz/ros2/trackingcam2/install/trackinghead/share/trackinghead/package.ps1'
[14.005s] INFO:colcon.colcon_core.shell:Creating package descriptor '/home/yahyasetz/ros2/trackingcam2/install/trackinghead/share/trackinghead/package.dsv'
[14.006s] INFO:colcon.colcon_core.shell:Creating package script '/home/yahyasetz/ros2/trackingcam2/install/trackinghead/share/trackinghead/package.sh'
[14.006s] INFO:colcon.colcon_core.shell:Creating package script '/home/yahyasetz/ros2/trackingcam2/install/trackinghead/share/trackinghead/package.bash'
[14.007s] INFO:colcon.colcon_core.shell:Creating package script '/home/yahyasetz/ros2/trackingcam2/install/trackinghead/share/trackinghead/package.zsh'
[14.008s] Level 1:colcon.colcon_core.environment:create_file_with_runtime_dependencies(/home/yahyasetz/ros2/trackingcam2/install/trackinghead/share/colcon-core/packages/trackinghead)
[14.009s] DEBUG:colcon.colcon_parallel_executor.executor.parallel:closing loop
[14.010s] DEBUG:colcon.colcon_parallel_executor.executor.parallel:loop closed
[14.010s] DEBUG:colcon.colcon_parallel_executor.executor.parallel:run_until_complete finished with '0'
[14.010s] DEBUG:colcon.colcon_core.event_reactor:joining thread
[14.021s] INFO:colcon.colcon_core.plugin_system:Skipping extension 'colcon_notification.desktop_notification.terminal_notifier': Not used on non-Darwin systems
[14.022s] INFO:colcon.colcon_core.plugin_system:Skipping extension 'colcon_notification.desktop_notification.win32': Not used on non-Windows systems
[14.022s] INFO:colcon.colcon_notification.desktop_notification:Sending desktop notification using 'notify2'
[14.056s] DEBUG:colcon.colcon_core.event_reactor:joined thread
[14.059s] INFO:colcon.colcon_core.shell:Creating prefix script '/home/yahyasetz/ros2/trackingcam2/install/local_setup.ps1'
[14.061s] INFO:colcon.colcon_core.shell:Creating prefix util module '/home/yahyasetz/ros2/trackingcam2/install/_local_setup_util_ps1.py'
[14.064s] INFO:colcon.colcon_core.shell:Creating prefix chain script '/home/yahyasetz/ros2/trackingcam2/install/setup.ps1'
[14.067s] INFO:colcon.colcon_core.shell:Creating prefix script '/home/yahyasetz/ros2/trackingcam2/install/local_setup.sh'
[14.068s] INFO:colcon.colcon_core.shell:Creating prefix util module '/home/yahyasetz/ros2/trackingcam2/install/_local_setup_util_sh.py'
[14.068s] INFO:colcon.colcon_core.shell:Creating prefix chain script '/home/yahyasetz/ros2/trackingcam2/install/setup.sh'
[14.070s] INFO:colcon.colcon_core.shell:Creating prefix script '/home/yahyasetz/ros2/trackingcam2/install/local_setup.bash'
[14.071s] INFO:colcon.colcon_core.shell:Creating prefix chain script '/home/yahyasetz/ros2/trackingcam2/install/setup.bash'
[14.078s] INFO:colcon.colcon_core.shell:Creating prefix script '/home/yahyasetz/ros2/trackingcam2/install/local_setup.zsh'
[14.080s] INFO:colcon.colcon_core.shell:Creating prefix chain script '/home/yahyasetz/ros2/trackingcam2/install/setup.zsh'
