-- The C compiler identification is GNU 9.4.0
-- The CXX compiler identification is GNU 9.4.0
-- Check for working C compiler: /usr/bin/cc
-- Check for working C compiler: /usr/bin/cc -- works
-- Detecting C compiler ABI info
-- Detecting C compiler ABI info - done
-- Detecting C compile features
-- Detecting C compile features - done
-- Check for working CXX compiler: /usr/bin/c++
-- Check for working CXX compiler: /usr/bin/c++ -- works
-- Detecting CXX compiler ABI info
-- Detecting CXX compiler ABI info - done
-- Detecting CXX compile features
-- Detecting CXX compile features - done
-- Found ament_cmake: 0.9.11 (/opt/ros/foxy/share/ament_cmake/cmake)
-- Found PythonInterp: /usr/bin/python3 (found suitable version "3.8.10", minimum required is "3") 
-- Using PYTHON_EXECUTABLE: /usr/bin/python3
-- Found OpenCV: /usr/local (found version "4.7.0") 
-- Found ament_lint_auto: 0.9.8 (/opt/ros/foxy/share/ament_lint_auto/cmake)
-- Added test 'copyright' to check source files copyright and LICENSE
-- Added test 'cppcheck' to perform static code analysis on C / C++ code
-- Configured cppcheck include dirs: 
-- Configured cppcheck exclude dirs and/or files: 
-- Added test 'cpplint' to check C / C++ code against the Google style
-- Configured cpplint exclude dirs and/or files: 
-- Added test 'lint_cmake' to check CMake code style
-- Added test 'uncrustify' to check C / C++ code style
-- Configured uncrustify additional arguments: 
-- Added test 'xmllint' to check XML markup files
-- Configuring done
-- Generating done
-- Build files have been written to: /home/yahyasetz/ros2/build/gesture_recognition
[35m[1mScanning dependencies of target gestureCam[0m
[ 50%] [32mBuilding CXX object CMakeFiles/gestureCam.dir/src/gesture_recognition.cpp.o[0m
[100%] [32m[1mLinking CXX executable gestureCam[0m
[100%] Built target gestureCam
-- Install configuration: ""
-- Installing: /home/yahyasetz/ros2/install/gesture_recognition/lib/gesture_recognition/gestureCam
-- Set runtime path of "/home/yahyasetz/ros2/install/gesture_recognition/lib/gesture_recognition/gestureCam" to ""
-- Installing: /home/yahyasetz/ros2/install/gesture_recognition/share/ament_index/resource_index/package_run_dependencies/gesture_recognition
-- Installing: /home/yahyasetz/ros2/install/gesture_recognition/share/ament_index/resource_index/parent_prefix_path/gesture_recognition
-- Installing: /home/yahyasetz/ros2/install/gesture_recognition/share/gesture_recognition/environment/ament_prefix_path.sh
-- Installing: /home/yahyasetz/ros2/install/gesture_recognition/share/gesture_recognition/environment/ament_prefix_path.dsv
-- Installing: /home/yahyasetz/ros2/install/gesture_recognition/share/gesture_recognition/environment/path.sh
-- Installing: /home/yahyasetz/ros2/install/gesture_recognition/share/gesture_recognition/environment/path.dsv
-- Installing: /home/yahyasetz/ros2/install/gesture_recognition/share/gesture_recognition/local_setup.bash
-- Installing: /home/yahyasetz/ros2/install/gesture_recognition/share/gesture_recognition/local_setup.sh
-- Installing: /home/yahyasetz/ros2/install/gesture_recognition/share/gesture_recognition/local_setup.zsh
-- Installing: /home/yahyasetz/ros2/install/gesture_recognition/share/gesture_recognition/local_setup.dsv
-- Installing: /home/yahyasetz/ros2/install/gesture_recognition/share/gesture_recognition/package.dsv
-- Installing: /home/yahyasetz/ros2/install/gesture_recognition/share/ament_index/resource_index/packages/gesture_recognition
-- Installing: /home/yahyasetz/ros2/install/gesture_recognition/share/gesture_recognition/cmake/gesture_recognitionConfig.cmake
-- Installing: /home/yahyasetz/ros2/install/gesture_recognition/share/gesture_recognition/cmake/gesture_recognitionConfig-version.cmake
-- Installing: /home/yahyasetz/ros2/install/gesture_recognition/share/gesture_recognition/package.xml
