[0.384s] DEBUG:colcon:Command line arguments: ['/usr/bin/colcon', 'build']
[0.384s] DEBUG:colcon:Parsed command line arguments: Namespace(allow_overriding=[], ament_cmake_args=None, base_paths=['.'], build_base='build', catkin_cmake_args=None, catkin_skip_building_tests=False, cmake_args=None, cmake_clean_cache=False, cmake_clean_first=False, cmake_force_configure=False, cmake_target=None, cmake_target_skip_unavailable=False, continue_on_error=False, event_handlers=None, executor='parallel', ignore_user_meta=False, install_base='install', log_base=None, log_level=None, main=<bound method BuildVerb.main of <colcon_core.verb.build.BuildVerb object at 0x7f4f25cc6310>>, merge_install=False, metas=['./colcon.meta'], packages_above=None, packages_above_and_dependencies=None, packages_above_depth=None, packages_end=None, packages_ignore=None, packages_ignore_regex=None, packages_select=None, packages_select_build_failed=False, packages_select_by_dep=None, packages_select_regex=None, packages_select_test_failures=False, packages_skip=None, packages_skip_build_finished=False, packages_skip_by_dep=None, packages_skip_regex=None, packages_skip_test_passed=False, packages_skip_up_to=None, packages_start=None, packages_up_to=None, packages_up_to_regex=None, parallel_workers=8, paths=None, symlink_install=False, test_result_base=None, verb_extension=<colcon_core.verb.build.BuildVerb object at 0x7f4f25cc6310>, verb_name='build', verb_parser=<colcon_defaults.argument_parser.defaults.DefaultArgumentsDecorator object at 0x7f4f25cc6850>)
[0.420s] Level 1:colcon.colcon_core.package_discovery:discover_packages(colcon_meta) check parameters
[0.421s] Level 1:colcon.colcon_core.package_discovery:discover_packages(recursive) check parameters
[0.421s] Level 1:colcon.colcon_core.package_discovery:discover_packages(ignore) check parameters
[0.421s] Level 1:colcon.colcon_core.package_discovery:discover_packages(path) check parameters
[0.421s] Level 1:colcon.colcon_core.package_discovery:discover_packages(colcon_meta) discover
[0.421s] Level 1:colcon.colcon_core.package_discovery:discover_packages(recursive) discover
[0.421s] INFO:colcon.colcon_core.package_discovery:Crawling recursively for packages in '/home/yahyasetz/ros2/trackingcam2/src'
[0.421s] Level 1:colcon.colcon_core.package_identification:_identify(.) by extensions ['ignore', 'ignore_ament_install']
[0.421s] Level 1:colcon.colcon_core.package_identification:_identify(.) by extension 'ignore'
[0.421s] Level 1:colcon.colcon_core.package_identification:_identify(.) by extension 'ignore_ament_install'
[0.421s] Level 1:colcon.colcon_core.package_identification:_identify(.) by extensions ['colcon_pkg']
[0.421s] Level 1:colcon.colcon_core.package_identification:_identify(.) by extension 'colcon_pkg'
[0.422s] Level 1:colcon.colcon_core.package_identification:_identify(.) by extensions ['colcon_meta']
[0.422s] Level 1:colcon.colcon_core.package_identification:_identify(.) by extension 'colcon_meta'
[0.422s] Level 1:colcon.colcon_core.package_identification:_identify(.) by extensions ['ros']
[0.422s] Level 1:colcon.colcon_core.package_identification:_identify(.) by extension 'ros'
[0.447s] Level 1:colcon.colcon_core.package_identification:_identify(.) by extensions ['cmake', 'python']
[0.447s] Level 1:colcon.colcon_core.package_identification:_identify(.) by extension 'cmake'
[0.447s] Level 1:colcon.colcon_core.package_identification:_identify(.) by extension 'python'
[0.447s] Level 1:colcon.colcon_core.package_identification:_identify(.) by extensions ['python_setup_py']
[0.447s] Level 1:colcon.colcon_core.package_identification:_identify(.) by extension 'python_setup_py'
[0.447s] Level 1:colcon.colcon_core.package_identification:_identify(build) by extensions ['ignore', 'ignore_ament_install']
[0.448s] Level 1:colcon.colcon_core.package_identification:_identify(build) by extension 'ignore'
[0.448s] Level 1:colcon.colcon_core.package_identification:_identify(build) ignored
[0.448s] Level 1:colcon.colcon_core.package_identification:_identify(install) by extensions ['ignore', 'ignore_ament_install']
[0.448s] Level 1:colcon.colcon_core.package_identification:_identify(install) by extension 'ignore'
[0.448s] Level 1:colcon.colcon_core.package_identification:_identify(install) ignored
[0.448s] Level 1:colcon.colcon_core.package_identification:_identify(log) by extensions ['ignore', 'ignore_ament_install']
[0.448s] Level 1:colcon.colcon_core.package_identification:_identify(log) by extension 'ignore'
[0.448s] Level 1:colcon.colcon_core.package_identification:_identify(log) ignored
[0.448s] Level 1:colcon.colcon_core.package_identification:_identify(trackinghead) by extensions ['ignore', 'ignore_ament_install']
[0.449s] Level 1:colcon.colcon_core.package_identification:_identify(trackinghead) by extension 'ignore'
[0.449s] Level 1:colcon.colcon_core.package_identification:_identify(trackinghead) by extension 'ignore_ament_install'
[0.449s] Level 1:colcon.colcon_core.package_identification:_identify(trackinghead) by extensions ['colcon_pkg']
[0.449s] Level 1:colcon.colcon_core.package_identification:_identify(trackinghead) by extension 'colcon_pkg'
[0.449s] Level 1:colcon.colcon_core.package_identification:_identify(trackinghead) by extensions ['colcon_meta']
[0.449s] Level 1:colcon.colcon_core.package_identification:_identify(trackinghead) by extension 'colcon_meta'
[0.449s] Level 1:colcon.colcon_core.package_identification:_identify(trackinghead) by extensions ['ros']
[0.449s] Level 1:colcon.colcon_core.package_identification:_identify(trackinghead) by extension 'ros'
[0.453s] DEBUG:colcon.colcon_core.package_identification:Package 'trackinghead' with type 'ros.ament_cmake' and name 'trackinghead'
[0.453s] Level 1:colcon.colcon_core.package_discovery:discover_packages(recursive) using defaults
[0.453s] Level 1:colcon.colcon_core.package_discovery:discover_packages(ignore) discover
[0.453s] Level 1:colcon.colcon_core.package_discovery:discover_packages(ignore) using defaults
[0.453s] Level 1:colcon.colcon_core.package_discovery:discover_packages(path) discover
[0.453s] Level 1:colcon.colcon_core.package_discovery:discover_packages(path) using defaults
[0.479s] Level 1:colcon.colcon_core.package_discovery:discover_packages(prefix_path) check parameters
[0.480s] Level 1:colcon.colcon_core.package_discovery:discover_packages(prefix_path) discover
[0.483s] DEBUG:colcon.colcon_installed_package_information.package_discovery:Found 0 installed packages in /home/yahyasetz/ros2/trackingcam2/install
[0.485s] DEBUG:colcon.colcon_installed_package_information.package_discovery:Found 169 installed packages in /opt/ros/foxy
[0.486s] Level 1:colcon.colcon_core.package_discovery:discover_packages(prefix_path) using defaults
[0.545s] Level 5:colcon.colcon_core.verb:set package 'trackinghead' build argument 'cmake_args' from command line to 'None'
[0.545s] Level 5:colcon.colcon_core.verb:set package 'trackinghead' build argument 'cmake_target' from command line to 'None'
[0.545s] Level 5:colcon.colcon_core.verb:set package 'trackinghead' build argument 'cmake_target_skip_unavailable' from command line to 'False'
[0.545s] Level 5:colcon.colcon_core.verb:set package 'trackinghead' build argument 'cmake_clean_cache' from command line to 'False'
[0.545s] Level 5:colcon.colcon_core.verb:set package 'trackinghead' build argument 'cmake_clean_first' from command line to 'False'
[0.545s] Level 5:colcon.colcon_core.verb:set package 'trackinghead' build argument 'cmake_force_configure' from command line to 'False'
[0.545s] Level 5:colcon.colcon_core.verb:set package 'trackinghead' build argument 'ament_cmake_args' from command line to 'None'
[0.545s] Level 5:colcon.colcon_core.verb:set package 'trackinghead' build argument 'catkin_cmake_args' from command line to 'None'
[0.546s] Level 5:colcon.colcon_core.verb:set package 'trackinghead' build argument 'catkin_skip_building_tests' from command line to 'False'
[0.546s] DEBUG:colcon.colcon_core.verb:Building package 'trackinghead' with the following arguments: {'ament_cmake_args': None, 'build_base': '/home/yahyasetz/ros2/trackingcam2/src/build/trackinghead', 'catkin_cmake_args': None, 'catkin_skip_building_tests': False, 'cmake_args': None, 'cmake_clean_cache': False, 'cmake_clean_first': False, 'cmake_force_configure': False, 'cmake_target': None, 'cmake_target_skip_unavailable': False, 'install_base': '/home/yahyasetz/ros2/trackingcam2/src/install/trackinghead', 'merge_install': False, 'path': '/home/yahyasetz/ros2/trackingcam2/src/trackinghead', 'symlink_install': False, 'test_result_base': None}
[0.547s] INFO:colcon.colcon_core.executor:Executing jobs using 'parallel' executor
[0.552s] DEBUG:colcon.colcon_parallel_executor.executor.parallel:run_until_complete
[0.552s] INFO:colcon.colcon_ros.task.ament_cmake.build:Building ROS package in '/home/yahyasetz/ros2/trackingcam2/src/trackinghead' with build type 'ament_cmake'
[0.552s] INFO:colcon.colcon_cmake.task.cmake.build:Building CMake package in '/home/yahyasetz/ros2/trackingcam2/src/trackinghead'
[0.558s] INFO:colcon.colcon_core.plugin_system:Skipping extension 'colcon_core.shell.bat': Not used on non-Windows systems
[0.559s] INFO:colcon.colcon_core.shell:Skip shell extension 'powershell' for command environment: Not usable outside of PowerShell
[0.559s] DEBUG:colcon.colcon_core.shell:Skip shell extension 'dsv' for command environment
[0.575s] DEBUG:colcon.colcon_core.event_handler.log_command:Invoking command in '/home/yahyasetz/ros2/trackingcam2/src/build/trackinghead': CMAKE_PREFIX_PATH=/opt/ros/foxy /usr/bin/cmake /home/yahyasetz/ros2/trackingcam2/src/trackinghead -DCMAKE_INSTALL_PREFIX=/home/yahyasetz/ros2/trackingcam2/src/install/trackinghead
[1.549s] DEBUG:colcon.colcon_core.event_handler.log_command:Invoked command in '/home/yahyasetz/ros2/trackingcam2/src/build/trackinghead' returned '1': CMAKE_PREFIX_PATH=/opt/ros/foxy /usr/bin/cmake /home/yahyasetz/ros2/trackingcam2/src/trackinghead -DCMAKE_INSTALL_PREFIX=/home/yahyasetz/ros2/trackingcam2/src/install/trackinghead
[1.568s] Level 1:colcon.colcon_core.environment:create_environment_scripts_only(trackinghead)
[1.576s] Level 1:colcon.colcon_core.environment:checking '/home/yahyasetz/ros2/trackingcam2/src/install/trackinghead' for CMake module files
[1.576s] Level 1:colcon.colcon_core.environment:checking '/home/yahyasetz/ros2/trackingcam2/src/install/trackinghead' for CMake config files
[1.577s] Level 1:colcon.colcon_core.environment:checking '/home/yahyasetz/ros2/trackingcam2/src/install/trackinghead/bin'
[1.577s] Level 1:colcon.colcon_core.environment:checking '/home/yahyasetz/ros2/trackingcam2/src/install/trackinghead/lib/pkgconfig/trackinghead.pc'
[1.577s] Level 1:colcon.colcon_core.environment:checking '/home/yahyasetz/ros2/trackingcam2/src/install/trackinghead/lib/python3.8/site-packages'
[1.578s] Level 1:colcon.colcon_core.environment:checking '/home/yahyasetz/ros2/trackingcam2/src/install/trackinghead/bin'
[1.580s] INFO:colcon.colcon_core.shell:Creating package script '/home/yahyasetz/ros2/trackingcam2/src/install/trackinghead/share/trackinghead/package.ps1'
[1.581s] INFO:colcon.colcon_core.shell:Creating package descriptor '/home/yahyasetz/ros2/trackingcam2/src/install/trackinghead/share/trackinghead/package.dsv'
[1.581s] INFO:colcon.colcon_core.shell:Creating package script '/home/yahyasetz/ros2/trackingcam2/src/install/trackinghead/share/trackinghead/package.sh'
[1.582s] INFO:colcon.colcon_core.shell:Creating package script '/home/yahyasetz/ros2/trackingcam2/src/install/trackinghead/share/trackinghead/package.bash'
[1.583s] INFO:colcon.colcon_core.shell:Creating package script '/home/yahyasetz/ros2/trackingcam2/src/install/trackinghead/share/trackinghead/package.zsh'
[1.584s] Level 1:colcon.colcon_core.environment:create_file_with_runtime_dependencies(/home/yahyasetz/ros2/trackingcam2/src/install/trackinghead/share/colcon-core/packages/trackinghead)
[1.595s] DEBUG:colcon.colcon_parallel_executor.executor.parallel:closing loop
[1.595s] DEBUG:colcon.colcon_parallel_executor.executor.parallel:loop closed
[1.595s] DEBUG:colcon.colcon_parallel_executor.executor.parallel:run_until_complete finished with '1'
[1.595s] DEBUG:colcon.colcon_core.event_reactor:joining thread
[1.602s] INFO:colcon.colcon_core.plugin_system:Skipping extension 'colcon_notification.desktop_notification.terminal_notifier': Not used on non-Darwin systems
[1.602s] INFO:colcon.colcon_core.plugin_system:Skipping extension 'colcon_notification.desktop_notification.win32': Not used on non-Windows systems
[1.602s] INFO:colcon.colcon_notification.desktop_notification:Sending desktop notification using 'notify2'
[1.623s] DEBUG:colcon.colcon_core.event_reactor:joined thread
[1.626s] INFO:colcon.colcon_core.shell:Creating prefix script '/home/yahyasetz/ros2/trackingcam2/src/install/local_setup.ps1'
[1.628s] INFO:colcon.colcon_core.shell:Creating prefix util module '/home/yahyasetz/ros2/trackingcam2/src/install/_local_setup_util_ps1.py'
[1.629s] INFO:colcon.colcon_core.shell:Creating prefix chain script '/home/yahyasetz/ros2/trackingcam2/src/install/setup.ps1'
[1.631s] INFO:colcon.colcon_core.shell:Creating prefix script '/home/yahyasetz/ros2/trackingcam2/src/install/local_setup.sh'
[1.632s] INFO:colcon.colcon_core.shell:Creating prefix util module '/home/yahyasetz/ros2/trackingcam2/src/install/_local_setup_util_sh.py'
[1.633s] INFO:colcon.colcon_core.shell:Creating prefix chain script '/home/yahyasetz/ros2/trackingcam2/src/install/setup.sh'
[1.634s] INFO:colcon.colcon_core.shell:Creating prefix script '/home/yahyasetz/ros2/trackingcam2/src/install/local_setup.bash'
[1.635s] INFO:colcon.colcon_core.shell:Creating prefix chain script '/home/yahyasetz/ros2/trackingcam2/src/install/setup.bash'
[1.636s] INFO:colcon.colcon_core.shell:Creating prefix script '/home/yahyasetz/ros2/trackingcam2/src/install/local_setup.zsh'
[1.637s] INFO:colcon.colcon_core.shell:Creating prefix chain script '/home/yahyasetz/ros2/trackingcam2/src/install/setup.zsh'
