-- The C compiler identification is GNU 9.4.0
-- The CXX compiler identification is GNU 9.4.0
-- Check for working C compiler: /usr/bin/cc
-- Check for working C compiler: /usr/bin/cc -- works
-- Detecting C compiler ABI info
-- Detecting C compiler ABI info - done
-- Detecting C compile features
-- Detecting C compile features - done
-- Check for working CXX compiler: /usr/bin/c++
-- Check for working CXX compiler: /usr/bin/c++ -- works
-- Detecting CXX compiler ABI info
-- Detecting CXX compiler ABI info - done
-- Detecting CXX compile features
-- Detecting CXX compile features - done
-- Found ament_cmake: 0.9.11 (/opt/ros/foxy/share/ament_cmake/cmake)
-- Found PythonInterp: /usr/bin/python3 (found suitable version "3.8.10", minimum required is "3") 
-- Using PYTHON_EXECUTABLE: /usr/bin/python3
-- Found OpenCV: /usr/local (found version "4.7.0") 
-- Found ament_lint_auto: 0.9.8 (/opt/ros/foxy/share/ament_lint_auto/cmake)
-- Added test 'copyright' to check source files copyright and LICENSE
-- Added test 'cppcheck' to perform static code analysis on C / C++ code
-- Configured cppcheck include dirs: 
-- Configured cppcheck exclude dirs and/or files: 
-- Added test 'cpplint' to check C / C++ code against the Google style
-- Configured cpplint exclude dirs and/or files: 
-- Added test 'lint_cmake' to check CMake code style
-- Added test 'uncrustify' to check C / C++ code style
-- Configured uncrustify additional arguments: 
-- Added test 'xmllint' to check XML markup files
-- Configuring done
-- Generating done
-- Build files have been written to: /home/yahyasetz/ros2/build/training_gesture
[35m[1mScanning dependencies of target training[0m
[ 50%] [32mBuilding CXX object CMakeFiles/training.dir/src/training.cpp.o[0m
[100%] [32m[1mLinking CXX executable training[0m
[100%] Built target training
-- Install configuration: ""
-- Installing: /home/yahyasetz/ros2/install/training_gesture/lib/training_gesture/training
-- Set runtime path of "/home/yahyasetz/ros2/install/training_gesture/lib/training_gesture/training" to ""
-- Installing: /home/yahyasetz/ros2/install/training_gesture/share/ament_index/resource_index/package_run_dependencies/training_gesture
-- Installing: /home/yahyasetz/ros2/install/training_gesture/share/ament_index/resource_index/parent_prefix_path/training_gesture
-- Installing: /home/yahyasetz/ros2/install/training_gesture/share/training_gesture/environment/ament_prefix_path.sh
-- Installing: /home/yahyasetz/ros2/install/training_gesture/share/training_gesture/environment/ament_prefix_path.dsv
-- Installing: /home/yahyasetz/ros2/install/training_gesture/share/training_gesture/environment/path.sh
-- Installing: /home/yahyasetz/ros2/install/training_gesture/share/training_gesture/environment/path.dsv
-- Installing: /home/yahyasetz/ros2/install/training_gesture/share/training_gesture/local_setup.bash
-- Installing: /home/yahyasetz/ros2/install/training_gesture/share/training_gesture/local_setup.sh
-- Installing: /home/yahyasetz/ros2/install/training_gesture/share/training_gesture/local_setup.zsh
-- Installing: /home/yahyasetz/ros2/install/training_gesture/share/training_gesture/local_setup.dsv
-- Installing: /home/yahyasetz/ros2/install/training_gesture/share/training_gesture/package.dsv
-- Installing: /home/yahyasetz/ros2/install/training_gesture/share/ament_index/resource_index/packages/training_gesture
-- Installing: /home/yahyasetz/ros2/install/training_gesture/share/training_gesture/cmake/training_gestureConfig.cmake
-- Installing: /home/yahyasetz/ros2/install/training_gesture/share/training_gesture/cmake/training_gestureConfig-version.cmake
-- Installing: /home/yahyasetz/ros2/install/training_gesture/share/training_gesture/package.xml
