[0.069s] Invoking command in '/home/yahyasetz/ros2/build/training_gesture': CMAKE_PREFIX_PATH=${CMAKE_PREFIX_PATH}:/opt/ros/foxy /usr/bin/cmake /home/yahyasetz/ros2/src/training_gesture -DCMAKE_INSTALL_PREFIX=/home/yahyasetz/ros2/install/training_gesture
[0.176s] -- The C compiler identification is GNU 9.4.0
[0.311s] -- The CXX compiler identification is GNU 9.4.0
[0.322s] -- Check for working C compiler: /usr/bin/cc
[0.475s] -- Check for working C compiler: /usr/bin/cc -- works
[0.476s] -- Detecting C compiler ABI info
[0.613s] -- Detecting C compiler ABI info - done
[0.649s] -- Detecting C compile features
[0.650s] -- Detecting C compile features - done
[0.659s] -- Check for working CXX compiler: /usr/bin/c++
[0.850s] -- Check for working CXX compiler: /usr/bin/c++ -- works
[0.855s] -- Detecting CXX compiler ABI info
[1.014s] -- Detecting CXX compiler ABI info - done
[1.048s] -- Detecting CXX compile features
[1.049s] -- Detecting CXX compile features - done
[1.052s] -- Found ament_cmake: 0.9.11 (/opt/ros/foxy/share/ament_cmake/cmake)
[1.096s] -- Found PythonInterp: /usr/bin/python3 (found suitable version "3.8.10", minimum required is "3") 
[1.096s] -- Using PYTHON_EXECUTABLE: /usr/bin/python3
[1.549s] -- Found OpenCV: /usr/local (found version "4.7.0") 
[1.554s] -- Found ament_lint_auto: 0.9.8 (/opt/ros/foxy/share/ament_lint_auto/cmake)
[1.729s] -- Added test 'copyright' to check source files copyright and LICENSE
[1.732s] -- Added test 'cppcheck' to perform static code analysis on C / C++ code
[1.732s] -- Configured cppcheck include dirs: 
[1.733s] -- Configured cppcheck exclude dirs and/or files: 
[1.735s] -- Added test 'cpplint' to check C / C++ code against the Google style
[1.735s] -- Configured cpplint exclude dirs and/or files: 
[1.737s] -- Added test 'lint_cmake' to check CMake code style
[1.739s] -- Added test 'uncrustify' to check C / C++ code style
[1.739s] -- Configured uncrustify additional arguments: 
[1.740s] -- Added test 'xmllint' to check XML markup files
[1.752s] -- Configuring done
[1.756s] -- Generating done
[1.758s] -- Build files have been written to: /home/yahyasetz/ros2/build/training_gesture
[1.771s] Invoked command in '/home/yahyasetz/ros2/build/training_gesture' returned '0': CMAKE_PREFIX_PATH=${CMAKE_PREFIX_PATH}:/opt/ros/foxy /usr/bin/cmake /home/yahyasetz/ros2/src/training_gesture -DCMAKE_INSTALL_PREFIX=/home/yahyasetz/ros2/install/training_gesture
[1.774s] Invoking command in '/home/yahyasetz/ros2/build/training_gesture': CMAKE_PREFIX_PATH=${CMAKE_PREFIX_PATH}:/opt/ros/foxy /usr/bin/cmake --build /home/yahyasetz/ros2/build/training_gesture -- -j8 -l8
[1.844s] [35m[1mScanning dependencies of target training[0m
[1.924s] [ 50%] [32mBuilding CXX object CMakeFiles/training.dir/src/training.cpp.o[0m
[4.857s] In file included from [01m[K/usr/local/include/opencv4/opencv2/core/vsx_utils.hpp:11[m[K,
[4.857s]                  from [01m[K/usr/local/include/opencv4/opencv2/core/base.hpp:661[m[K,
[4.858s]                  from [01m[K/usr/local/include/opencv4/opencv2/core.hpp:53[m[K,
[4.858s]                  from [01m[K/usr/local/include/opencv4/opencv2/opencv.hpp:52[m[K,
[4.858s]                  from [01m[K/home/yahyasetz/ros2/src/training_gesture/src/training.cpp:1[m[K:
[4.858s] [01m[K/home/yahyasetz/ros2/src/training_gesture/src/training.cpp:[m[K In function ‘[01m[Kint main()[m[K’:
[4.858s] [01m[K/home/yahyasetz/ros2/src/training_gesture/src/training.cpp:68:28:[m[K [01;35m[Kwarning: [m[Kcomparison of integer expressions of different signedness: ‘[01m[Kint[m[K’ and ‘[01m[Ksize_t[m[K’ {aka ‘[01m[Klong unsigned int[m[K’} [[01;35m[K-Wsign-compare[m[K]
[4.859s]    68 |     assert([01;35m[Ktrain_data.rows == train_labels.total()[m[K);
[4.859s]       |            [01;35m[K~~~~~~~~~~~~~~~~^~~~~~~~~~~~~~~~~~~~~~~[m[K
[5.984s] [100%] [32m[1mLinking CXX executable training[0m
[6.234s] [100%] Built target training
[6.256s] Invoked command in '/home/yahyasetz/ros2/build/training_gesture' returned '0': CMAKE_PREFIX_PATH=${CMAKE_PREFIX_PATH}:/opt/ros/foxy /usr/bin/cmake --build /home/yahyasetz/ros2/build/training_gesture -- -j8 -l8
[6.359s] Invoking command in '/home/yahyasetz/ros2/build/training_gesture': CMAKE_PREFIX_PATH=${CMAKE_PREFIX_PATH}:/opt/ros/foxy /usr/bin/cmake --install /home/yahyasetz/ros2/build/training_gesture
[6.374s] -- Install configuration: ""
[6.374s] -- Installing: /home/yahyasetz/ros2/install/training_gesture/lib/training_gesture/training
[6.375s] -- Set runtime path of "/home/yahyasetz/ros2/install/training_gesture/lib/training_gesture/training" to ""
[6.375s] -- Installing: /home/yahyasetz/ros2/install/training_gesture/share/ament_index/resource_index/package_run_dependencies/training_gesture
[6.376s] -- Installing: /home/yahyasetz/ros2/install/training_gesture/share/ament_index/resource_index/parent_prefix_path/training_gesture
[6.376s] -- Installing: /home/yahyasetz/ros2/install/training_gesture/share/training_gesture/environment/ament_prefix_path.sh
[6.376s] -- Installing: /home/yahyasetz/ros2/install/training_gesture/share/training_gesture/environment/ament_prefix_path.dsv
[6.377s] -- Installing: /home/yahyasetz/ros2/install/training_gesture/share/training_gesture/environment/path.sh
[6.377s] -- Installing: /home/yahyasetz/ros2/install/training_gesture/share/training_gesture/environment/path.dsv
[6.377s] -- Installing: /home/yahyasetz/ros2/install/training_gesture/share/training_gesture/local_setup.bash
[6.378s] -- Installing: /home/yahyasetz/ros2/install/training_gesture/share/training_gesture/local_setup.sh
[6.378s] -- Installing: /home/yahyasetz/ros2/install/training_gesture/share/training_gesture/local_setup.zsh
[6.378s] -- Installing: /home/yahyasetz/ros2/install/training_gesture/share/training_gesture/local_setup.dsv
[6.379s] -- Installing: /home/yahyasetz/ros2/install/training_gesture/share/training_gesture/package.dsv
[6.380s] -- Installing: /home/yahyasetz/ros2/install/training_gesture/share/ament_index/resource_index/packages/training_gesture
[6.381s] -- Installing: /home/yahyasetz/ros2/install/training_gesture/share/training_gesture/cmake/training_gestureConfig.cmake
[6.382s] -- Installing: /home/yahyasetz/ros2/install/training_gesture/share/training_gesture/cmake/training_gestureConfig-version.cmake
[6.382s] -- Installing: /home/yahyasetz/ros2/install/training_gesture/share/training_gesture/package.xml
[6.390s] Invoked command in '/home/yahyasetz/ros2/build/training_gesture' returned '0': CMAKE_PREFIX_PATH=${CMAKE_PREFIX_PATH}:/opt/ros/foxy /usr/bin/cmake --install /home/yahyasetz/ros2/build/training_gesture
