[0.020s] Invoking command in '/home/yahyasetz/ros2/trackingcam2/src/build/trackinghead': CMAKE_PREFIX_PATH=/opt/ros/foxy /usr/bin/cmake /home/yahyasetz/ros2/trackingcam2/src/trackinghead -DCMAKE_INSTALL_PREFIX=/home/yahyasetz/ros2/trackingcam2/src/install/trackinghead
[0.041s] -- Found ament_cmake: 0.9.11 (/opt/ros/foxy/share/ament_cmake/cmake)
[0.064s] -- Using PYTHON_EXECUTABLE: /usr/bin/python3
[0.291s] -- Found rclcpp: 2.4.2 (/opt/ros/foxy/share/rclcpp/cmake)
[0.339s] -- Using all available rosidl_typesupport_c: rosidl_typesupport_fastrtps_c;rosidl_typesupport_introspection_c
[0.344s] -- Found rosidl_adapter: 1.3.0 (/opt/ros/foxy/share/rosidl_adapter/cmake)
[0.495s] -- Using all available rosidl_typesupport_cpp: rosidl_typesupport_fastrtps_cpp;rosidl_typesupport_introspection_cpp
[0.571s] -- Found rmw_implementation_cmake: 1.0.3 (/opt/ros/foxy/share/rmw_implementation_cmake/cmake)
[0.573s] -- Using RMW implementation 'rmw_fastrtps_cpp' as default
[0.792s] -- Found sensor_msgs: 2.0.5 (/opt/ros/foxy/share/sensor_msgs/cmake)
[0.979s] CMake Error at CMakeLists.txt:23 (find_package):
[0.979s]   By not providing "Findimage_transport.cmake" in CMAKE_MODULE_PATH this
[0.979s]   project has asked CMake to find a package configuration file provided by
[0.979s]   "image_transport", but CMake did not find one.
[0.979s] 
[0.979s]   Could not find a package configuration file provided by "image_transport"
[0.979s]   with any of the following names:
[0.979s] 
[0.979s]     image_transportConfig.cmake
[0.979s]     image_transport-config.cmake
[0.980s] 
[0.980s]   Add the installation prefix of "image_transport" to CMAKE_PREFIX_PATH or
[0.980s]   set "image_transport_DIR" to a directory containing one of the above files.
[0.980s]   If "image_transport" provides a separate development package or SDK, be
[0.980s]   sure it has been installed.
[0.980s] 
[0.980s] 
[0.981s] -- Configuring incomplete, errors occurred!
[0.981s] See also "/home/yahyasetz/ros2/trackingcam2/src/build/trackinghead/CMakeFiles/CMakeOutput.log".
[0.981s] See also "/home/yahyasetz/ros2/trackingcam2/src/build/trackinghead/CMakeFiles/CMakeError.log".
[0.989s] Invoked command in '/home/yahyasetz/ros2/trackingcam2/src/build/trackinghead' returned '1': CMAKE_PREFIX_PATH=/opt/ros/foxy /usr/bin/cmake /home/yahyasetz/ros2/trackingcam2/src/trackinghead -DCMAKE_INSTALL_PREFIX=/home/yahyasetz/ros2/trackingcam2/src/install/trackinghead
