[0.387s] DEBUG:colcon:Command line arguments: ['/usr/bin/colcon', 'build']
[0.387s] DEBUG:colcon:Parsed command line arguments: Namespace(allow_overriding=[], ament_cmake_args=None, base_paths=['.'], build_base='build', catkin_cmake_args=None, catkin_skip_building_tests=False, cmake_args=None, cmake_clean_cache=False, cmake_clean_first=False, cmake_force_configure=False, cmake_target=None, cmake_target_skip_unavailable=False, continue_on_error=False, event_handlers=None, executor='parallel', ignore_user_meta=False, install_base='install', log_base=None, log_level=None, main=<bound method BuildVerb.main of <colcon_core.verb.build.BuildVerb object at 0x7ff41784c430>>, merge_install=False, metas=['./colcon.meta'], packages_above=None, packages_above_and_dependencies=None, packages_above_depth=None, packages_end=None, packages_ignore=None, packages_ignore_regex=None, packages_select=None, packages_select_build_failed=False, packages_select_by_dep=None, packages_select_regex=None, packages_select_test_failures=False, packages_skip=None, packages_skip_build_finished=False, packages_skip_by_dep=None, packages_skip_regex=None, packages_skip_test_passed=False, packages_skip_up_to=None, packages_start=None, packages_up_to=None, packages_up_to_regex=None, parallel_workers=8, paths=None, symlink_install=False, test_result_base=None, verb_extension=<colcon_core.verb.build.BuildVerb object at 0x7ff41784c430>, verb_name='build', verb_parser=<colcon_defaults.argument_parser.defaults.DefaultArgumentsDecorator object at 0x7ff41784c970>)
[0.424s] Level 1:colcon.colcon_core.package_discovery:discover_packages(colcon_meta) check parameters
[0.424s] Level 1:colcon.colcon_core.package_discovery:discover_packages(recursive) check parameters
[0.424s] Level 1:colcon.colcon_core.package_discovery:discover_packages(ignore) check parameters
[0.424s] Level 1:colcon.colcon_core.package_discovery:discover_packages(path) check parameters
[0.424s] Level 1:colcon.colcon_core.package_discovery:discover_packages(colcon_meta) discover
[0.424s] Level 1:colcon.colcon_core.package_discovery:discover_packages(recursive) discover
[0.424s] INFO:colcon.colcon_core.package_discovery:Crawling recursively for packages in '/home/yahyasetz/ros2/trackingcam2/src'
[0.425s] Level 1:colcon.colcon_core.package_identification:_identify(.) by extensions ['ignore', 'ignore_ament_install']
[0.425s] Level 1:colcon.colcon_core.package_identification:_identify(.) by extension 'ignore'
[0.425s] Level 1:colcon.colcon_core.package_identification:_identify(.) by extension 'ignore_ament_install'
[0.425s] Level 1:colcon.colcon_core.package_identification:_identify(.) by extensions ['colcon_pkg']
[0.425s] Level 1:colcon.colcon_core.package_identification:_identify(.) by extension 'colcon_pkg'
[0.425s] Level 1:colcon.colcon_core.package_identification:_identify(.) by extensions ['colcon_meta']
[0.425s] Level 1:colcon.colcon_core.package_identification:_identify(.) by extension 'colcon_meta'
[0.425s] Level 1:colcon.colcon_core.package_identification:_identify(.) by extensions ['ros']
[0.425s] Level 1:colcon.colcon_core.package_identification:_identify(.) by extension 'ros'
[0.450s] Level 1:colcon.colcon_core.package_identification:_identify(.) by extensions ['cmake', 'python']
[0.450s] Level 1:colcon.colcon_core.package_identification:_identify(.) by extension 'cmake'
[0.451s] Level 1:colcon.colcon_core.package_identification:_identify(.) by extension 'python'
[0.451s] Level 1:colcon.colcon_core.package_identification:_identify(.) by extensions ['python_setup_py']
[0.451s] Level 1:colcon.colcon_core.package_identification:_identify(.) by extension 'python_setup_py'
[0.451s] Level 1:colcon.colcon_core.package_identification:_identify(build) by extensions ['ignore', 'ignore_ament_install']
[0.451s] Level 1:colcon.colcon_core.package_identification:_identify(build) by extension 'ignore'
[0.451s] Level 1:colcon.colcon_core.package_identification:_identify(build) ignored
[0.451s] Level 1:colcon.colcon_core.package_identification:_identify(install) by extensions ['ignore', 'ignore_ament_install']
[0.451s] Level 1:colcon.colcon_core.package_identification:_identify(install) by extension 'ignore'
[0.451s] Level 1:colcon.colcon_core.package_identification:_identify(install) ignored
[0.452s] Level 1:colcon.colcon_core.package_identification:_identify(log) by extensions ['ignore', 'ignore_ament_install']
[0.452s] Level 1:colcon.colcon_core.package_identification:_identify(log) by extension 'ignore'
[0.452s] Level 1:colcon.colcon_core.package_identification:_identify(log) ignored
[0.452s] Level 1:colcon.colcon_core.package_identification:_identify(trackinghead) by extensions ['ignore', 'ignore_ament_install']
[0.452s] Level 1:colcon.colcon_core.package_identification:_identify(trackinghead) by extension 'ignore'
[0.452s] Level 1:colcon.colcon_core.package_identification:_identify(trackinghead) by extension 'ignore_ament_install'
[0.452s] Level 1:colcon.colcon_core.package_identification:_identify(trackinghead) by extensions ['colcon_pkg']
[0.452s] Level 1:colcon.colcon_core.package_identification:_identify(trackinghead) by extension 'colcon_pkg'
[0.452s] Level 1:colcon.colcon_core.package_identification:_identify(trackinghead) by extensions ['colcon_meta']
[0.452s] Level 1:colcon.colcon_core.package_identification:_identify(trackinghead) by extension 'colcon_meta'
[0.452s] Level 1:colcon.colcon_core.package_identification:_identify(trackinghead) by extensions ['ros']
[0.453s] Level 1:colcon.colcon_core.package_identification:_identify(trackinghead) by extension 'ros'
[0.456s] DEBUG:colcon.colcon_core.package_identification:Package 'trackinghead' with type 'ros.ament_cmake' and name 'trackinghead'
[0.456s] Level 1:colcon.colcon_core.package_discovery:discover_packages(recursive) using defaults
[0.456s] Level 1:colcon.colcon_core.package_discovery:discover_packages(ignore) discover
[0.456s] Level 1:colcon.colcon_core.package_discovery:discover_packages(ignore) using defaults
[0.457s] Level 1:colcon.colcon_core.package_discovery:discover_packages(path) discover
[0.457s] Level 1:colcon.colcon_core.package_discovery:discover_packages(path) using defaults
[0.483s] Level 1:colcon.colcon_core.package_discovery:discover_packages(prefix_path) check parameters
[0.483s] Level 1:colcon.colcon_core.package_discovery:discover_packages(prefix_path) discover
[0.486s] DEBUG:colcon.colcon_installed_package_information.package_discovery:Found 0 installed packages in /home/yahyasetz/ros2/trackingcam2/install
[0.488s] DEBUG:colcon.colcon_installed_package_information.package_discovery:Found 170 installed packages in /opt/ros/foxy
[0.490s] Level 1:colcon.colcon_core.package_discovery:discover_packages(prefix_path) using defaults
[0.548s] Level 5:colcon.colcon_core.verb:set package 'trackinghead' build argument 'cmake_args' from command line to 'None'
[0.549s] Level 5:colcon.colcon_core.verb:set package 'trackinghead' build argument 'cmake_target' from command line to 'None'
[0.549s] Level 5:colcon.colcon_core.verb:set package 'trackinghead' build argument 'cmake_target_skip_unavailable' from command line to 'False'
[0.549s] Level 5:colcon.colcon_core.verb:set package 'trackinghead' build argument 'cmake_clean_cache' from command line to 'False'
[0.549s] Level 5:colcon.colcon_core.verb:set package 'trackinghead' build argument 'cmake_clean_first' from command line to 'False'
[0.549s] Level 5:colcon.colcon_core.verb:set package 'trackinghead' build argument 'cmake_force_configure' from command line to 'False'
[0.549s] Level 5:colcon.colcon_core.verb:set package 'trackinghead' build argument 'ament_cmake_args' from command line to 'None'
[0.549s] Level 5:colcon.colcon_core.verb:set package 'trackinghead' build argument 'catkin_cmake_args' from command line to 'None'
[0.549s] Level 5:colcon.colcon_core.verb:set package 'trackinghead' build argument 'catkin_skip_building_tests' from command line to 'False'
[0.549s] DEBUG:colcon.colcon_core.verb:Building package 'trackinghead' with the following arguments: {'ament_cmake_args': None, 'build_base': '/home/yahyasetz/ros2/trackingcam2/src/build/trackinghead', 'catkin_cmake_args': None, 'catkin_skip_building_tests': False, 'cmake_args': None, 'cmake_clean_cache': False, 'cmake_clean_first': False, 'cmake_force_configure': False, 'cmake_target': None, 'cmake_target_skip_unavailable': False, 'install_base': '/home/yahyasetz/ros2/trackingcam2/src/install/trackinghead', 'merge_install': False, 'path': '/home/yahyasetz/ros2/trackingcam2/src/trackinghead', 'symlink_install': False, 'test_result_base': None}
[0.550s] INFO:colcon.colcon_core.executor:Executing jobs using 'parallel' executor
[0.555s] DEBUG:colcon.colcon_parallel_executor.executor.parallel:run_until_complete
[0.555s] INFO:colcon.colcon_ros.task.ament_cmake.build:Building ROS package in '/home/yahyasetz/ros2/trackingcam2/src/trackinghead' with build type 'ament_cmake'
[0.555s] INFO:colcon.colcon_cmake.task.cmake.build:Building CMake package in '/home/yahyasetz/ros2/trackingcam2/src/trackinghead'
[0.561s] INFO:colcon.colcon_core.plugin_system:Skipping extension 'colcon_core.shell.bat': Not used on non-Windows systems
[0.561s] INFO:colcon.colcon_core.shell:Skip shell extension 'powershell' for command environment: Not usable outside of PowerShell
[0.561s] DEBUG:colcon.colcon_core.shell:Skip shell extension 'dsv' for command environment
[0.578s] DEBUG:colcon.colcon_core.event_handler.log_command:Invoking command in '/home/yahyasetz/ros2/trackingcam2/src/build/trackinghead': CMAKE_PREFIX_PATH=/opt/ros/foxy /usr/bin/cmake --build /home/yahyasetz/ros2/trackingcam2/src/build/trackinghead -- -j8 -l8
[7.229s] DEBUG:colcon.colcon_core.event_handler.log_command:Invoked command in '/home/yahyasetz/ros2/trackingcam2/src/build/trackinghead' returned '0': CMAKE_PREFIX_PATH=/opt/ros/foxy /usr/bin/cmake --build /home/yahyasetz/ros2/trackingcam2/src/build/trackinghead -- -j8 -l8
[7.279s] DEBUG:colcon.colcon_core.event_handler.log_command:Invoking command in '/home/yahyasetz/ros2/trackingcam2/src/build/trackinghead': CMAKE_PREFIX_PATH=/opt/ros/foxy /usr/bin/cmake --install /home/yahyasetz/ros2/trackingcam2/src/build/trackinghead
[7.298s] Level 1:colcon.colcon_core.environment:create_environment_scripts_only(trackinghead)
[7.299s] DEBUG:colcon.colcon_core.event_handler.log_command:Invoked command in '/home/yahyasetz/ros2/trackingcam2/src/build/trackinghead' returned '0': CMAKE_PREFIX_PATH=/opt/ros/foxy /usr/bin/cmake --install /home/yahyasetz/ros2/trackingcam2/src/build/trackinghead
[7.306s] Level 1:colcon.colcon_core.environment:checking '/home/yahyasetz/ros2/trackingcam2/src/install/trackinghead' for CMake module files
[7.306s] Level 1:colcon.colcon_core.environment:checking '/home/yahyasetz/ros2/trackingcam2/src/install/trackinghead' for CMake config files
[7.307s] Level 1:colcon.colcon_core.shell:create_environment_hook('trackinghead', 'cmake_prefix_path')
[7.308s] INFO:colcon.colcon_core.shell:Creating environment hook '/home/yahyasetz/ros2/trackingcam2/src/install/trackinghead/share/trackinghead/hook/cmake_prefix_path.ps1'
[7.310s] INFO:colcon.colcon_core.shell:Creating environment descriptor '/home/yahyasetz/ros2/trackingcam2/src/install/trackinghead/share/trackinghead/hook/cmake_prefix_path.dsv'
[7.310s] INFO:colcon.colcon_core.shell:Creating environment hook '/home/yahyasetz/ros2/trackingcam2/src/install/trackinghead/share/trackinghead/hook/cmake_prefix_path.sh'
[7.312s] Level 1:colcon.colcon_core.environment:checking '/home/yahyasetz/ros2/trackingcam2/src/install/trackinghead/lib'
[7.312s] Level 1:colcon.colcon_core.environment:checking '/home/yahyasetz/ros2/trackingcam2/src/install/trackinghead/bin'
[7.312s] Level 1:colcon.colcon_core.environment:checking '/home/yahyasetz/ros2/trackingcam2/src/install/trackinghead/lib/pkgconfig/trackinghead.pc'
[7.312s] Level 1:colcon.colcon_core.environment:checking '/home/yahyasetz/ros2/trackingcam2/src/install/trackinghead/lib/python3.8/site-packages'
[7.313s] Level 1:colcon.colcon_core.environment:checking '/home/yahyasetz/ros2/trackingcam2/src/install/trackinghead/bin'
[7.314s] INFO:colcon.colcon_core.shell:Creating package script '/home/yahyasetz/ros2/trackingcam2/src/install/trackinghead/share/trackinghead/package.ps1'
[7.315s] INFO:colcon.colcon_core.shell:Creating package descriptor '/home/yahyasetz/ros2/trackingcam2/src/install/trackinghead/share/trackinghead/package.dsv'
[7.316s] INFO:colcon.colcon_core.shell:Creating package script '/home/yahyasetz/ros2/trackingcam2/src/install/trackinghead/share/trackinghead/package.sh'
[7.317s] INFO:colcon.colcon_core.shell:Creating package script '/home/yahyasetz/ros2/trackingcam2/src/install/trackinghead/share/trackinghead/package.bash'
[7.318s] INFO:colcon.colcon_core.shell:Creating package script '/home/yahyasetz/ros2/trackingcam2/src/install/trackinghead/share/trackinghead/package.zsh'
[7.319s] Level 1:colcon.colcon_core.environment:create_file_with_runtime_dependencies(/home/yahyasetz/ros2/trackingcam2/src/install/trackinghead/share/colcon-core/packages/trackinghead)
[7.353s] Level 1:colcon.colcon_core.environment:create_environment_scripts_only(trackinghead)
[7.356s] Level 1:colcon.colcon_core.environment:checking '/home/yahyasetz/ros2/trackingcam2/src/install/trackinghead' for CMake module files
[7.357s] Level 1:colcon.colcon_core.environment:checking '/home/yahyasetz/ros2/trackingcam2/src/install/trackinghead' for CMake config files
[7.357s] Level 1:colcon.colcon_core.shell:create_environment_hook('trackinghead', 'cmake_prefix_path')
[7.359s] INFO:colcon.colcon_core.shell:Creating environment hook '/home/yahyasetz/ros2/trackingcam2/src/install/trackinghead/share/trackinghead/hook/cmake_prefix_path.ps1'
[7.360s] INFO:colcon.colcon_core.shell:Creating environment descriptor '/home/yahyasetz/ros2/trackingcam2/src/install/trackinghead/share/trackinghead/hook/cmake_prefix_path.dsv'
[7.360s] INFO:colcon.colcon_core.shell:Creating environment hook '/home/yahyasetz/ros2/trackingcam2/src/install/trackinghead/share/trackinghead/hook/cmake_prefix_path.sh'
[7.361s] Level 1:colcon.colcon_core.environment:checking '/home/yahyasetz/ros2/trackingcam2/src/install/trackinghead/lib'
[7.361s] Level 1:colcon.colcon_core.environment:checking '/home/yahyasetz/ros2/trackingcam2/src/install/trackinghead/bin'
[7.361s] Level 1:colcon.colcon_core.environment:checking '/home/yahyasetz/ros2/trackingcam2/src/install/trackinghead/lib/pkgconfig/trackinghead.pc'
[7.361s] Level 1:colcon.colcon_core.environment:checking '/home/yahyasetz/ros2/trackingcam2/src/install/trackinghead/lib/python3.8/site-packages'
[7.362s] Level 1:colcon.colcon_core.environment:checking '/home/yahyasetz/ros2/trackingcam2/src/install/trackinghead/bin'
[7.363s] INFO:colcon.colcon_core.shell:Creating package script '/home/yahyasetz/ros2/trackingcam2/src/install/trackinghead/share/trackinghead/package.ps1'
[7.364s] INFO:colcon.colcon_core.shell:Creating package descriptor '/home/yahyasetz/ros2/trackingcam2/src/install/trackinghead/share/trackinghead/package.dsv'
[7.365s] INFO:colcon.colcon_core.shell:Creating package script '/home/yahyasetz/ros2/trackingcam2/src/install/trackinghead/share/trackinghead/package.sh'
[7.366s] INFO:colcon.colcon_core.shell:Creating package script '/home/yahyasetz/ros2/trackingcam2/src/install/trackinghead/share/trackinghead/package.bash'
[7.366s] INFO:colcon.colcon_core.shell:Creating package script '/home/yahyasetz/ros2/trackingcam2/src/install/trackinghead/share/trackinghead/package.zsh'
[7.367s] Level 1:colcon.colcon_core.environment:create_file_with_runtime_dependencies(/home/yahyasetz/ros2/trackingcam2/src/install/trackinghead/share/colcon-core/packages/trackinghead)
[7.368s] DEBUG:colcon.colcon_parallel_executor.executor.parallel:closing loop
[7.368s] DEBUG:colcon.colcon_parallel_executor.executor.parallel:loop closed
[7.369s] DEBUG:colcon.colcon_parallel_executor.executor.parallel:run_until_complete finished with '0'
[7.369s] DEBUG:colcon.colcon_core.event_reactor:joining thread
[7.375s] INFO:colcon.colcon_core.plugin_system:Skipping extension 'colcon_notification.desktop_notification.terminal_notifier': Not used on non-Darwin systems
[7.376s] INFO:colcon.colcon_core.plugin_system:Skipping extension 'colcon_notification.desktop_notification.win32': Not used on non-Windows systems
[7.376s] INFO:colcon.colcon_notification.desktop_notification:Sending desktop notification using 'notify2'
[7.398s] DEBUG:colcon.colcon_core.event_reactor:joined thread
[7.402s] INFO:colcon.colcon_core.shell:Creating prefix script '/home/yahyasetz/ros2/trackingcam2/src/install/local_setup.ps1'
[7.404s] INFO:colcon.colcon_core.shell:Creating prefix util module '/home/yahyasetz/ros2/trackingcam2/src/install/_local_setup_util_ps1.py'
[7.407s] INFO:colcon.colcon_core.shell:Creating prefix chain script '/home/yahyasetz/ros2/trackingcam2/src/install/setup.ps1'
[7.409s] INFO:colcon.colcon_core.shell:Creating prefix script '/home/yahyasetz/ros2/trackingcam2/src/install/local_setup.sh'
[7.410s] INFO:colcon.colcon_core.shell:Creating prefix util module '/home/yahyasetz/ros2/trackingcam2/src/install/_local_setup_util_sh.py'
[7.410s] INFO:colcon.colcon_core.shell:Creating prefix chain script '/home/yahyasetz/ros2/trackingcam2/src/install/setup.sh'
[7.412s] INFO:colcon.colcon_core.shell:Creating prefix script '/home/yahyasetz/ros2/trackingcam2/src/install/local_setup.bash'
[7.412s] INFO:colcon.colcon_core.shell:Creating prefix chain script '/home/yahyasetz/ros2/trackingcam2/src/install/setup.bash'
[7.415s] INFO:colcon.colcon_core.shell:Creating prefix script '/home/yahyasetz/ros2/trackingcam2/src/install/local_setup.zsh'
[7.415s] INFO:colcon.colcon_core.shell:Creating prefix chain script '/home/yahyasetz/ros2/trackingcam2/src/install/setup.zsh'
