[0.651s] DEBUG:colcon:Command line arguments: ['/usr/bin/colcon', 'list', '-p', '--base-paths', '/home/yahyasetz/ros2/trackingcam2']
[0.652s] DEBUG:colcon:Parsed command line arguments: Namespace(allow_overriding=[], base_paths=['/home/yahyasetz/ros2/trackingcam2'], build_base='build', ignore_user_meta=False, log_base=None, log_level=None, main=<bound method ListVerb.main of <colcon_package_information.verb.list.ListVerb object at 0x7f7a56a0a6d0>>, metas=['./colcon.meta'], names_only=False, packages_above=None, packages_above_and_dependencies=None, packages_above_depth=None, packages_end=None, packages_ignore=None, packages_ignore_regex=None, packages_select=None, packages_select_build_failed=False, packages_select_by_dep=None, packages_select_regex=None, packages_select_test_failures=False, packages_skip=None, packages_skip_build_finished=False, packages_skip_by_dep=None, packages_skip_regex=None, packages_skip_test_passed=False, packages_skip_up_to=None, packages_start=None, packages_up_to=None, packages_up_to_regex=None, paths=None, paths_only=True, topological_graph=False, topological_graph_density=False, topological_graph_dot=False, topological_graph_dot_cluster=False, topological_graph_dot_include_skipped=False, topological_graph_legend=False, topological_order=False, verb_extension=<colcon_package_information.verb.list.ListVerb object at 0x7f7a56a0a6d0>, verb_name='list', verb_parser=<colcon_defaults.argument_parser.defaults.DefaultArgumentsDecorator object at 0x7f7a569aadf0>)
[0.718s] Level 1:colcon.colcon_core.package_discovery:discover_packages(colcon_meta) check parameters
[0.719s] Level 1:colcon.colcon_core.package_discovery:discover_packages(recursive) check parameters
[0.719s] Level 1:colcon.colcon_core.package_discovery:discover_packages(ignore) check parameters
[0.719s] Level 1:colcon.colcon_core.package_discovery:discover_packages(path) check parameters
[0.719s] Level 1:colcon.colcon_core.package_discovery:discover_packages(recursive) discover
[0.719s] INFO:colcon.colcon_core.package_discovery:Crawling recursively for packages in '/home/yahyasetz/ros2/trackingcam2'
[0.719s] Level 1:colcon.colcon_core.package_identification:_identify(/home/yahyasetz/ros2/trackingcam2) by extensions ['ignore', 'ignore_ament_install']
[0.720s] Level 1:colcon.colcon_core.package_identification:_identify(/home/yahyasetz/ros2/trackingcam2) by extension 'ignore'
[0.720s] Level 1:colcon.colcon_core.package_identification:_identify(/home/yahyasetz/ros2/trackingcam2) by extension 'ignore_ament_install'
[0.720s] Level 1:colcon.colcon_core.package_identification:_identify(/home/yahyasetz/ros2/trackingcam2) by extensions ['colcon_pkg']
[0.720s] Level 1:colcon.colcon_core.package_identification:_identify(/home/yahyasetz/ros2/trackingcam2) by extension 'colcon_pkg'
[0.720s] Level 1:colcon.colcon_core.package_identification:_identify(/home/yahyasetz/ros2/trackingcam2) by extensions ['colcon_meta']
[0.720s] Level 1:colcon.colcon_core.package_identification:_identify(/home/yahyasetz/ros2/trackingcam2) by extension 'colcon_meta'
[0.720s] Level 1:colcon.colcon_core.package_identification:_identify(/home/yahyasetz/ros2/trackingcam2) by extensions ['ros']
[0.721s] Level 1:colcon.colcon_core.package_identification:_identify(/home/yahyasetz/ros2/trackingcam2) by extension 'ros'
[0.742s] Level 1:colcon.colcon_core.package_identification:_identify(/home/yahyasetz/ros2/trackingcam2) by extensions ['cmake', 'python']
[0.742s] Level 1:colcon.colcon_core.package_identification:_identify(/home/yahyasetz/ros2/trackingcam2) by extension 'cmake'
[0.742s] Level 1:colcon.colcon_core.package_identification:_identify(/home/yahyasetz/ros2/trackingcam2) by extension 'python'
[0.742s] Level 1:colcon.colcon_core.package_identification:_identify(/home/yahyasetz/ros2/trackingcam2) by extensions ['python_setup_py']
[0.742s] Level 1:colcon.colcon_core.package_identification:_identify(/home/yahyasetz/ros2/trackingcam2) by extension 'python_setup_py'
[0.742s] Level 1:colcon.colcon_core.package_identification:_identify(/home/yahyasetz/ros2/trackingcam2/build) by extensions ['ignore', 'ignore_ament_install']
[0.743s] Level 1:colcon.colcon_core.package_identification:_identify(/home/yahyasetz/ros2/trackingcam2/build) by extension 'ignore'
[0.743s] Level 1:colcon.colcon_core.package_identification:_identify(/home/yahyasetz/ros2/trackingcam2/build) ignored
[0.743s] Level 1:colcon.colcon_core.package_identification:_identify(/home/yahyasetz/ros2/trackingcam2/install) by extensions ['ignore', 'ignore_ament_install']
[0.743s] Level 1:colcon.colcon_core.package_identification:_identify(/home/yahyasetz/ros2/trackingcam2/install) by extension 'ignore'
[0.743s] Level 1:colcon.colcon_core.package_identification:_identify(/home/yahyasetz/ros2/trackingcam2/install) ignored
[0.744s] Level 1:colcon.colcon_core.package_identification:_identify(/home/yahyasetz/ros2/trackingcam2/log) by extensions ['ignore', 'ignore_ament_install']
[0.744s] Level 1:colcon.colcon_core.package_identification:_identify(/home/yahyasetz/ros2/trackingcam2/log) by extension 'ignore'
[0.744s] Level 1:colcon.colcon_core.package_identification:_identify(/home/yahyasetz/ros2/trackingcam2/log) ignored
[0.744s] Level 1:colcon.colcon_core.package_identification:_identify(/home/yahyasetz/ros2/trackingcam2/src) by extensions ['ignore', 'ignore_ament_install']
[0.744s] Level 1:colcon.colcon_core.package_identification:_identify(/home/yahyasetz/ros2/trackingcam2/src) by extension 'ignore'
[0.745s] Level 1:colcon.colcon_core.package_identification:_identify(/home/yahyasetz/ros2/trackingcam2/src) by extension 'ignore_ament_install'
[0.745s] Level 1:colcon.colcon_core.package_identification:_identify(/home/yahyasetz/ros2/trackingcam2/src) by extensions ['colcon_pkg']
[0.745s] Level 1:colcon.colcon_core.package_identification:_identify(/home/yahyasetz/ros2/trackingcam2/src) by extension 'colcon_pkg'
[0.745s] Level 1:colcon.colcon_core.package_identification:_identify(/home/yahyasetz/ros2/trackingcam2/src) by extensions ['colcon_meta']
[0.745s] Level 1:colcon.colcon_core.package_identification:_identify(/home/yahyasetz/ros2/trackingcam2/src) by extension 'colcon_meta'
[0.745s] Level 1:colcon.colcon_core.package_identification:_identify(/home/yahyasetz/ros2/trackingcam2/src) by extensions ['ros']
[0.745s] Level 1:colcon.colcon_core.package_identification:_identify(/home/yahyasetz/ros2/trackingcam2/src) by extension 'ros'
[0.745s] Level 1:colcon.colcon_core.package_identification:_identify(/home/yahyasetz/ros2/trackingcam2/src) by extensions ['cmake', 'python']
[0.745s] Level 1:colcon.colcon_core.package_identification:_identify(/home/yahyasetz/ros2/trackingcam2/src) by extension 'cmake'
[0.746s] Level 1:colcon.colcon_core.package_identification:_identify(/home/yahyasetz/ros2/trackingcam2/src) by extension 'python'
[0.746s] Level 1:colcon.colcon_core.package_identification:_identify(/home/yahyasetz/ros2/trackingcam2/src) by extensions ['python_setup_py']
[0.746s] Level 1:colcon.colcon_core.package_identification:_identify(/home/yahyasetz/ros2/trackingcam2/src) by extension 'python_setup_py'
[0.746s] Level 1:colcon.colcon_core.package_identification:_identify(/home/yahyasetz/ros2/trackingcam2/src/build) by extensions ['ignore', 'ignore_ament_install']
[0.746s] Level 1:colcon.colcon_core.package_identification:_identify(/home/yahyasetz/ros2/trackingcam2/src/build) by extension 'ignore'
[0.747s] Level 1:colcon.colcon_core.package_identification:_identify(/home/yahyasetz/ros2/trackingcam2/src/build) ignored
[0.747s] Level 1:colcon.colcon_core.package_identification:_identify(/home/yahyasetz/ros2/trackingcam2/src/install) by extensions ['ignore', 'ignore_ament_install']
[0.747s] Level 1:colcon.colcon_core.package_identification:_identify(/home/yahyasetz/ros2/trackingcam2/src/install) by extension 'ignore'
[0.748s] Level 1:colcon.colcon_core.package_identification:_identify(/home/yahyasetz/ros2/trackingcam2/src/install) ignored
[0.748s] Level 1:colcon.colcon_core.package_identification:_identify(/home/yahyasetz/ros2/trackingcam2/src/log) by extensions ['ignore', 'ignore_ament_install']
[0.748s] Level 1:colcon.colcon_core.package_identification:_identify(/home/yahyasetz/ros2/trackingcam2/src/log) by extension 'ignore'
[0.748s] Level 1:colcon.colcon_core.package_identification:_identify(/home/yahyasetz/ros2/trackingcam2/src/log) ignored
[0.749s] Level 1:colcon.colcon_core.package_identification:_identify(/home/yahyasetz/ros2/trackingcam2/src/trackinghead) by extensions ['ignore', 'ignore_ament_install']
[0.749s] Level 1:colcon.colcon_core.package_identification:_identify(/home/yahyasetz/ros2/trackingcam2/src/trackinghead) by extension 'ignore'
[0.749s] Level 1:colcon.colcon_core.package_identification:_identify(/home/yahyasetz/ros2/trackingcam2/src/trackinghead) by extension 'ignore_ament_install'
[0.749s] Level 1:colcon.colcon_core.package_identification:_identify(/home/yahyasetz/ros2/trackingcam2/src/trackinghead) by extensions ['colcon_pkg']
[0.749s] Level 1:colcon.colcon_core.package_identification:_identify(/home/yahyasetz/ros2/trackingcam2/src/trackinghead) by extension 'colcon_pkg'
[0.749s] Level 1:colcon.colcon_core.package_identification:_identify(/home/yahyasetz/ros2/trackingcam2/src/trackinghead) by extensions ['colcon_meta']
[0.749s] Level 1:colcon.colcon_core.package_identification:_identify(/home/yahyasetz/ros2/trackingcam2/src/trackinghead) by extension 'colcon_meta'
[0.750s] Level 1:colcon.colcon_core.package_identification:_identify(/home/yahyasetz/ros2/trackingcam2/src/trackinghead) by extensions ['ros']
[0.750s] Level 1:colcon.colcon_core.package_identification:_identify(/home/yahyasetz/ros2/trackingcam2/src/trackinghead) by extension 'ros'
[0.757s] DEBUG:colcon.colcon_core.package_identification:Package '/home/yahyasetz/ros2/trackingcam2/src/trackinghead' with type 'ros.ament_cmake' and name 'trackinghead'
[0.757s] Level 1:colcon.colcon_core.package_discovery:discover_packages(recursive) using defaults
